0.041998
0.041503
0.041886
0.04125
0.041616
0.041697
0.041621
0.041131
0.041362
0.04154
0.041067
0.041549
0.041381
0.041171
0.050201
0.042288
0.041721
0.047957
0.041406
0.041629
0.064519
0.073366
0.060569
0.056932
0.049471
0.042674
0.058447
0.06759
0.056283
0.061235
0.066744
0.093238
0.056168
0.041867
0.054101
0.043102
0.041669
0.042667
0.042666
0.041981
0.042685
0.042423
0.042566
0.04257
0.042055
0.066653
0.050933
0.051298
0.050971
0.051056
0.052505
0.059658
0.064981
0.066694
0.110394
0.061804
0.070876
0.086971
0.087239
0.09959
0.08462
0.061893
0.068956
0.083468
0.081869
0.088426
0.109776
0.056551
0.063327
0.069775
0.072407
0.072029
0.064259
0.057006
0.051583
0.04996
0.049877
0.050205
0.049734
0.049939
0.04999
0.05029
0.065037
0.059762
0.041563
0.041418
0.041843
0.041325
0.041038
0.041387
0.041328
0.041647
0.041687
0.041874
0.041039
0.041109
0.041737
0.041842
0.041238
0.041307
0.04151
0.041486
0.041607
0.041169
0.041475
0.041811
0.046682
0.041938
0.041967
0.041222
0.04139
0.041158
0.041623
0.041826
0.041914
0.042243
0.041879
0.041488
0.041682
0.042107
0.041532
0.041612
0.041711
0.04145
0.041915
0.04181
0.041704
0.041411
0.041401
0.041775
0.046407
0.041577
0.041212
0.041075
0.040934
0.077395
0.045551
0.057948
0.041488
0.041181
0.041441
0.04119
0.041688
0.041338
0.041422
0.041777
0.041411
0.041526
0.0417
0.041141
0.041396
0.041641
0.04121
0.052705
0.051153
0.041446
0.041748
0.042003
0.041247
0.041772
0.041489
0.041907
0.041295
0.041441
0.041482
0.041433
0.041507
0.041497
0.041371
0.041474
0.041619
0.040979
0.041307
0.041179
0.041678
0.041532
0.047676
0.041417
0.041272
0.041331
0.041087
0.041549
0.041353
0.041779
0.041804
0.041448
0.04164
0.041564
0.040877
0.041694
0.041303
0.041723
0.041916
0.041301
0.041478
0.041516
0.040915
0.041737
0.041321
0.041576
0.047218
0.041434
0.041561
0.041511
0.042074
0.041652
0.041747
0.041602
0.041717
0.041908
0.041354
0.042042
0.041427
0.041428
0.041372
0.041951
0.041672
0.04139
0.04142
0.041684
0.041583
0.04165
0.041686
0.041533
0.046875
0.041599
0.041691
0.041226
0.041676
0.041562
0.041856
0.041387
0.041341
0.041444
0.041872
0.04157
0.040877
0.040986
0.041337
0.041153
0.041826
0.04135
0.041918
0.041272
0.041604
0.04136
0.041602
0.041151
0.054595
0.04167
0.041297
0.041417
0.041324
0.041518
0.041704
0.041429
0.041695
0.04167
0.041472
0.041487
0.041279
0.04167
0.040947
0.041623
0.041254
0.041651
0.041658
0.041246
0.041532
0.041597
0.041822
0.04214
0.047767
0.042021
0.041816
0.042237
0.053052
0.041616
0.041194
0.049487
0.041378
0.041182
0.041357
0.041478
0.041221
0.041407
0.041199
0.041519
0.041588
0.041812
0.042012
0.041192
0.041548
0.040944
0.041301
0.047111
0.041365
0.041652
0.041537
0.041123
0.041423
0.041781
0.041406
0.041607
0.041285
0.041815
0.041341
0.072045
0.041437
0.041309
0.041885
0.041746
0.04155
0.041603
0.041787
0.041856
0.04167
0.042029
0.045968
0.0419
0.041473
0.041618
0.041533
0.041897
0.041662
0.041669
0.041267
0.041099
0.04204
0.041379
0.041407
0.041247
0.041549
0.041476
0.041301
0.041522
0.041287
0.041345
0.041317
0.04167
0.041135
0.041432
0.047176
0.041494
0.04121
0.041362
0.041682
0.041525
0.041215
0.041291
0.042066
0.041197
0.041519
0.041592
0.041692
0.041786
0.041213
0.041786
0.041601
0.041113
0.041397
0.041418
0.041461
0.041661
0.041407
0.04242
0.053167
0.047966
0.042973
0.041549
0.053206
0.041498
0.041164
0.041872
0.041221
0.041441
0.041841
0.041393
0.041846
0.041171
0.041508
0.041268
0.041724
0.041904
0.046611
0.066447
0.066325
0.062227
0.047612
0.048147
0.041911
0.048277
0.047212
0.04835
0.071959
0.063309
0.089484
0.113762
0.113675
0.15072
0.09744
0.11536
0.096004
0.092333
0.092772
0.096094
0.080442
0.070603
0.058414
0.057605
0.055945
0.05499
0.07393
0.126044
0.085024
0.092121
0.0726
0.04842
0.056699
0.041263
0.041456
0.041697
0.041422
0.041152
0.041783
0.041122
0.041589
0.041589
0.04174
0.041506
0.041327
0.041634
0.041199
0.071164
0.059284
0.044055
0.044082
0.044107
0.044142
0.058922
0.041593
0.041268
0.041581
0.041846
0.042029
0.041264
0.041178
0.041465
0.041321
0.041689
0.042175
0.041172
0.041375
0.041898
0.041627
0.091215
0.041623
0.06025
0.05998
0.059853
0.041877
0.0413
0.041721
0.041786
0.041879
0.041554
0.041757
0.041533
0.04137
0.041275
0.041687
0.042123
0.041668
0.041655
0.041432
0.041665
0.046974
0.041536
0.041606
0.041469
0.041347
0.041301
0.041508
0.041604
0.041404
0.041186
0.040949
0.04159
0.041574
0.051945
0.0419
0.047693
0.040929
0.041858
0.04141
0.041798
0.041203
0.041608
0.041656
0.041399
0.04728
0.041602
0.041891
0.041636
0.041859
0.041558
0.041586
0.041712
0.041294
0.041344
0.041869
0.041631
0.041729
0.041787
0.041429
0.041517
0.041794
0.04171
0.041855
0.04137
0.041518
0.041759
0.041627
0.041213
0.046914
0.041843
0.041465
0.041761
0.041722
0.04157
0.04132
0.041199
0.041494
0.041767
0.041599
0.041666
0.04153
0.041766
0.041773
0.04165
0.041592
0.041756
0.041134
0.041469
0.042031
0.041542
0.041692
0.046749
0.04143
0.041842
0.041909
0.0416
0.041688
0.041364
0.041623
0.04093
0.041676
0.041627
0.041896
0.041533
0.04135
0.04142
0.041262
0.041732
0.041696
0.041431
0.041191
0.041679
0.04172
0.041605
0.041857
0.04607
0.041324
0.040963
0.041575
0.041502
0.041566
0.041366
0.041688
0.0414
0.041733
0.041626
0.041324
0.041756
0.041467
0.041376
0.041446
0.049137
0.041173
0.041277
0.041433
0.041535
0.041707
0.041487
0.04154
0.044948
0.041515
0.04151
0.041338
0.041447
0.041635
0.055169
0.046935
0.054948
0.058312
0.056771
0.049805
0.050427
0.049636
0.048653
0.049425
0.072585
0.066651
0.059585
0.069293
0.056024
0.076675
0.064159
0.041763
0.041759
0.041498
0.041879
0.041362
0.041795
0.041091
0.041786
0.041353
0.041543
0.041646
0.041394
0.041611
0.041523
0.041735
0.04122
0.041345
0.041319
0.04714
0.041803
0.041277
0.041307
0.041531
0.041359
0.041206
0.041762
0.041616
0.041611
0.041859
0.041857
0.041791
0.072432
0.041793
0.041444
0.043488
0.041586
0.042263
0.041656
0.041479
0.041613
0.041192
0.046173
0.040969
0.040995
0.041218
0.041765
0.041674
0.041421
0.041491
0.041501
0.04131
0.041982
0.041521
0.041654
0.041646
0.041885
0.041296
0.041573
0.041799
0.041336
0.042017
0.041194
0.041678
0.041529
0.041189
0.046058
0.041926
0.041214
0.041797
0.041599
0.041713
0.04197
0.041626
0.041504
0.041328
0.04152
0.041473
0.041789
0.04138
0.041291
0.041645
0.04153
0.041505
0.041696
0.041865
0.041622
0.041393
0.041599
0.041343
0.046991
0.041195
0.041053
0.041629
0.041432
0.041488
0.041475
0.041424
0.04125
0.041536
0.04169
0.041795
0.041703
0.041449
0.041841
0.040934
0.041346
0.041572
0.04154
0.041345
0.041396
0.04162
0.041406
0.041266
0.047035
0.04177
0.041322
0.041879
0.041625
0.04129
0.04126
0.041853
0.041617
0.041695
0.048135
0.045988
0.041527
0.04167
0.061941
0.041597
0.042167
0.04148
0.041972
0.060872
0.066216
0.046029
0.071963
0.062619
0.06505
0.054019
0.041122
0.041658
0.04154
0.041554
0.041738
0.041446
0.041405
0.041501
0.041448
0.041676
0.042132
0.041388
0.041464
0.069849
0.041503
0.041421
0.041659
0.048528
0.041606
0.041762
0.041668
0.041687
0.041547
0.041177
0.041386
0.041748
0.041368
0.04142
0.041442
0.04176
0.041777
0.041378
0.050809
0.041744
0.049851
0.041625
0.048911
0.052439
0.058905
0.047152
0.047253
0.041262
0.0481
0.041478
0.041309
0.041437
0.04126
0.04612
0.042162
0.041599
0.041536
0.041567
0.041655
0.041459
0.041596
0.042192
0.041646
0.041498
0.041498
0.04138
0.04161
0.041573
0.042171
0.048234
0.041511
0.041413
0.041785
0.041149
0.041202
0.041793
0.041369
0.04182
0.041814
0.041583
0.041605
0.04151
0.041949
0.041825
0.041445
0.04135
0.041939
0.042065
0.041417
0.041673
0.041575
0.041676
0.041997
0.046325
0.041205
0.041562
0.040936
0.041307
0.042027
0.041512
0.041866
0.042057
0.041618
0.041611
0.041047
0.041131
0.041338
0.04182
0.041652
0.041512
0.041636
0.041601
0.041105
0.041466
0.041535
0.041508
0.041306
0.045861
0.041668
0.041393
0.041359
0.041719
0.041077
0.041981
0.041242
0.041283
0.041275
0.041968
0.042154
0.041938
0.042274
0.041361
0.040997
0.041148
0.041905
0.041406
0.040871
0.041366
0.041882
0.041304
0.041662
0.046803
0.041363
0.041395
0.041084
0.041292
0.041511
0.041841
0.041652
0.041607
0.041684
0.041585
0.041739
0.041621
0.041155
0.041388
0.041671
0.041228
0.041761
0.041208
0.041133
0.041635
0.041233
0.041719
0.041805
0.046777
0.041883
0.041774
0.041446
0.041277
0.04167
0.041619
0.041435
0.041416
0.041513
0.040925
0.041299
0.041746
0.041404
0.041484
0.041698
0.041722
0.04156
0.041877
0.041504
0.041337
0.041355
0.041339
0.041482
0.046664
0.041544
0.041373
0.041881
0.042143
0.041476
0.041282
0.041656
0.044739
0.041699
0.04156
0.041536
0.041939
0.041269
0.041472
0.041762
0.040947
0.041317
0.041212
0.049525
0.041706
0.04187
0.042049
0.045696
0.041506
0.041855
0.042394
0.041637
0.04174
0.041998
0.041753
0.041625
0.046718
0.041361
0.041758
0.041628
0.041531
0.041493
0.041877
0.041574
0.041912
0.041698
0.0417
0.041511
0.041746
0.041621
0.041682
0.046387
0.041991
0.041587
0.04174
0.041807
0.0414
0.042089
0.041465
0.041424
0.041703
0.041826
0.041646
0.041728
