7.19808
6.28869
8.62599
6.01963
8.86484
5.99379
7.5194
6.08102
5.99553
7.76175
6.08318
7.25759
6.0183
6.10731
7.0638
6.08776
6.72803
6.32752
6.0528
7.02929
6.077
6.22877
6.73854
6.02399
6.69995
6.18558
6.11139
6.89558
6.01857
6.86176
6.48144
6.00444
7.0939
6.03397
6.44387
6.5689
6.01514
6.45901
5.99828
6.17794
6.54234
6.00396
6.30272
6.02004
5.99223
6.21048
6.13424
6.01122
6.14862
6.04092
6.12569
6.1329
5.994
6.45283
6.00847
6.00002
6.16072
5.99905
6.00126
6.59878
6.86415
7.10459
6.62307
6.05708
7.06158
6.39033
6.53243
6.21444
6.19784
6.71297
6.21869
6.43699
6.31529
6.34857
6.51414
6.10668
6.04225
6.19802
6.03505
6.15085
6.24338
6.01729
6.14241
6.01843
6.02299
6.15459
5.99787
6.17919
6.16533
5.99599
6.05404
6.17097
6.004
6.18425
6.15356
6.02901
6.17871
5.99999
6.07148
6.18858
5.98996
6.28231
6.06339
6.01072
6.18982
6.00138
5.99544
6.2426
6.22288
6.07241
6.1088
6.02201
6.18049
5.99681
6.00782
6.27188
6.10273
6.00217
6.13832
6.0102
6.22016
6.09204
6.15409
6.1439
5.99295
6.06304
6.16163
6.0079
6.07547
6.29186
5.9971
6.1497
6.02221
6.0396
6.22209
6.09916
6.12319
6.39794
5.99915
6.00586
6.21077
6.0585
6.24756
6.13732
5.99961
6.14226
6.01504
6.04876
6.25744
6.00454
6.33584
6.05895
6.00578
6.16376
6.01815
6.03053
6.25787
6.13558
6.05243
6.14161
6.0101
6.21693
6.02839
6.003
6.26948
6.02384
6.03556
6.28939
6.07194
6.03049
6.14701
6.12324
6.16354
6.01841
6.02742
6.18532
5.9903
6.02792
6.29
6.0095
6.16686
6.13185
6.53803
6.23035
5.99957
6.21037
6.22469
6.00487
6.04978
6.18722
5.99465
6.19577
6.17908
5.98933
6.17945
6.00116
6.03787
6.34989
6.01999
6.40054
6.02818
6.05826
6.15267
6.01992
6.00459
6.1291
6.21509
6.07565
6.16889
6.00636
6.16731
6.03786
6.01076
6.41955
6.05634
6.02218
6.27434
6.00354
6.01557
6.16822
6.18428
6.23357
6.02034
5.99909
6.18911
6.06951
6.02399
6.42309
6.06819
6.25942
6.02675
6.01055
6.20503
6.00165
6.20613
6.25274
6.00872
5.98516
6.15926
6.04737
7.11905
6.93185
6.26037
6.40818
7.04489
6.36284
6.83311
6.82091
6.44659
6.27296
6.46037
6.20031
6.31886
6.49269
6.26818
6.06182
6.18278
6.00189
6.17786
6.02111
6.08854
6.297
6.02365
6.00233
6.29643
6.02475
5.99812
6.37424
6.07598
6.18123
6.01067
6.06795
6.13045
6.09623
6.12261
6.31423
6.02425
6.22402
6.02112
6.19426
6.19069
6.15466
6.05229
6.27244
6.36674
6.91019
6.08821
6.2257
6.67578
6.00714
6.00525
6.17498
6.00942
6.20115
6.7325
6.36214
6.14194
6.04572
6.60142
6.20923
5.99948
6.24932
6.25634
6.00584
6.2061
6.00997
6.04533
6.21534
6.01196
6.18816
6.22176
6.0119
6.18231
6.06045
6.0101
6.15691
6.29486
6.02112
6.26343
6.01335
6.15208
6.09977
5.99952
6.26201
5.9949
5.99363
6.18968
6.05317
5.99889
6.26004
6.11531
6.18591
6.09798
5.99089
6.20131
5.99044
6.01391
6.392
6.03604
6.03713
6.1455
6.07463
6.12808
6.01102
6.10645
6.25942
6.00132
6.01301
6.27121
6.00215
6.01503
6.50565
6.01548
6.29658
6.01715
6.01862
6.14769
6.01755
6.22665
6.20666
6.02209
6.35223
6.02156
6.01406
6.18478
6.19997
6.00984
6.32254
5.99978
6.04799
6.216
6.01691
6.31528
5.98259
6.01154
6.1567
6.00283
6.00859
6.29442
6.0996
6.24109
6.04276
5.99345
6.16998
5.98879
5.99077
6.29469
5.99728
6.00259
6.19806
6.04558
6.20015
6.03991
6.137
6.16435
5.9959
6.09344
6.25943
6.03556
6.1687
6.33334
6.0029
6.24699
6.01825
6.011
6.13461
6.10471
6.085
6.19006
6.01982
6.10218
6.16062
6.0896
6.42081
6.11649
6.01891
6.12545
5.9939
6.1405
7.00012
6.7568
6.84143
6.05937
6.21643
7.23616
6.08934
6.5036
6.33181
6.35779
7.17211
6.66858
6.39628
6.18412
6.20632
6.52642
6.02571
6.02958
6.19706
6.00765
6.26704
6.21154
6.17659
6.16902
6.00867
6.14495
6.30603
6.03504
6.3865
6.31437
6.07388
6.22624
6.01813
6.03308
6.25176
6.12073
6.06811
6.22891
6.04793
6.2026
6.01313
6.06737
6.26256
6.13646
6.00347
6.40156
6.0049
6.18166
6.07437
6.08249
6.2877
6.01249
6.07313
6.16633
6.02727
6.01364
6.29706
6.01636
6.18524
6.06593
5.99079
6.19236
6.02076
6.112
6.27526
6.01924
6.01477
6.23422
5.99437
6.23282
6.11608
6.04758
6.17598
6.00174
6.04858
6.24381
6.01181
6.29564
6.16548
6.02126
6.18058
6.00382
6.00179
6.11485
6.09774
6.06326
6.20609
6.05472
6.20542
6.03489
6.01044
6.26188
6.03759
6.00003
6.29451
6.56929
6.19864
6.19622
6.15928
6.20923
6.0105
6.00131
6.1694
6.02836
6.05952
6.36199
6.02878
6.22042
6.09113
6.01385
6.17384
6.01887
6.16951
6.20682
5.99461
5.98273
6.2008
6.00378
6.19079
6.22296
6.02334
6.1096
6.00353
6.0157
6.20876
6.03345
6.36743
6.23477
6.03755
6.13888
6.01591
6.00444
6.13094
6.08997
6.0056
6.1898
6.01031
6.20208
6.00297
6.02137
6.24612
6.10352
5.99952
6.22747
6.01234
6.02059
6.1993
6.05116
6.10664
6.03556
6.00438
6.13759
5.99543
6.04978
6.39069
5.99744
6.01212
6.27061
6.08912
6.16881
6.00929
6.1855
6.16239
6.00187
6
6.14451
6.02806
6.07498
6.28392
6.01073
6.1655
6.01437
6.05491
6.11999
6.02301
6.14506
6.16783
6.0126
6.21744
6.1167
6.69131
7.20002
6.32214
6.09287
7.22234
6.18348
6.41556
6.27704
6.68936
6.91337
6.20569
6.47458
6.19215
6.08434
6.45639
6.18186
6.04729
6.26213
6.17837
6.17075
6.0724
6.03121
6.32165
6.02213
6.01727
6.19006
6.11433
6.19107
6.01061
6.23517
6.22099
6.00661
6.05182
6.29392
6.0068
6.0058
6.41143
6.00385
6.18252
6.01643
6.01527
6.19542
6.034
6.19191
6.44437
6.03713
6.25175
6.06868
6.01635
6.23458
6.14031
6.03793
6.3632
6.01282
6.68835
6.28074
6.48526
6.14503
6.10366
5.99672
6.18952
6.02449
6.05394
6.29575
6.08589
6.10284
6.0131
5.99224
6.13834
6.00298
6.11745
6.23506
6.02546
6.03828
6.1565
6.05641
6.13647
6.20357
6.0225
6.25708
6.01642
5.99932
6.1548
6.00315
6.31322
6.16876
6.00676
6.14363
6.0002
6.06159
6.2355
6.20154
6.07484
6.10995
6.00326
6.11702
6.06588
6.00967
6.22676
6.00503
5.99937
6.32962
6.02989
6.00982
6.12062
6.18292
6.15036
6.06377
6.02721
6.11535
5.99
6.04236
6.37347
6.0229
6.1995
6.04443
6.01417
6.19614
6.08618
6.15772
6.14054
6.00851
6.05765
6.13527
6.11055
6.18852
6.15902
6.04103
6.21673
6.07411
6.04232
6.26185
6.0328
6.17638
6.24702
6.06682
6.21653
6.08882
6.05046
6.18883
6.14171
6.02291
6.58171
5.99464
6.17345
6.0718
6.02667
6.20879
6.00204
6.00177
6.28034
6.054
6.01917
6.22196
6.09345
6.20676
6.05895
6.07498
6.22576
6.04679
6.05344
6.28997
6.05066
6.21669
6.06489
5.99627
6.0954
6.05134
6.18363
6.20727
6.02081
6.10931
6.11636
6.04519
6.15314
6.11629
6.0428
6.09888
6.75711
6.74088
6.93403
6.37016
6.37968
6.10753
6.96743
7.14777
7.82423
7.86443
6.67157
6.34887
6.32125
6.23214
6.1777
6.12368
6.36008
6.16298
6.04451
6.15723
6.01114
6.09504
6.14789
6.17147
6.03294
6.32139
6.06966
5.9978
6.12221
6.02456
6.27794
6.01016
6.04958
6.15662
6.0055
6.00852
6.12126
6.19202
6.26237
6.09971
5.99754
6.19806
6.01219
6.08681
6.23446
6.01555
5.99802
6.11854
6.06727
6.15205
6.03375
6.20174
6.15252
6.00791
6.0881
6.23134
6.00242
6.02038
6.35672
6.57091
6.30081
6.02822
6.03025
6.20763
6.02119
6.19969
6.16042
6.04039
6.17593
6.02035
6.17661
6.35445
6.35069
6.04999
6.68997
6.11242
6.16038
7.26995
6.51503
7.14192
6.04459
6.14325
7.10225
6.01523
7.01862
6.2776
6.02421
7.1612
6.02303
6.81656
6.27624
6.0328
7.13141
6.02215
6.34936
6.89234
6.05115
6.98173
6.25586
6.15331
6.98271
6.04524
6.64687
6.16641
5.99774
7.21765
6.06953
6.78782
6.38533
6.0428
6.92003
6.07376
6.61657
6.83659
6.06728
6.97495
6.14398
6.03507
7.35469
6.01509
6.75234
6.16649
6.09293
7.09204
6.01721
6.90279
6.32695
6.06776
7.0406
6.06905
6.3244
7.02234
6.06567
6.85933
6.10869
5.99388
6.90446
6.17302
6.99385
6.22157
6.00241
6.99763
6.0576
6.42777
6.674
6.1674
6.73001
6.19122
6.00259
7.07523
6.1283
6.94539
6.33994
6.11406
7.16071
6.10525
6.55901
6.5148
6.42154
6.94226
6.0503
6.45055
6.8149
6.05588
6.89117
6.10295
6.01778
7.14916
6.09642
6.55956
6.28061
6.11684
6.99195
6.05267
6.77046
7.29295
6.64362
7.21536
6.40198
7.10077
6.88186
6.13851
7.79425
6.29345
7.20385
6.8769
6.41174
6.83405
6.28296
6.4928
7.05176
6.06697
6.84428
6.05098
6.74466
6.61322
6.09102
7.04285
6.23471
6.62856
6.39993
6.01434
7.09683
6.18478
6.17457
6.83812
6.01403
6.79139
6.23822
6.02238
7.44111
6.02167
6.70781
6.2649
6.08274
6.88173
6.24422
6.27715
6.68987
6.052
6.8424
6.04577
6.04193
