2.32334
2.14184
2.92198
2.4978
1.99337
1.97148
1.97652
2.179
1.99072
1.97309
3.49483
2.18703
2.04783
1.9922
2.05408
1.98012
1.96857
2.15587
2.01038
1.97248
2.06998
1.97378
1.97
1.96005
1.95934
2.10673
2.17073
2.21969
1.99953
1.96704
2.04937
1.97757
1.96843
1.96972
2.16752
1.9763
1.96627
1.95155
1.95462
1.98923
1.99096
1.95679
2.26398
2.00353
1.97816
1.95656
2.0197
1.97933
2.17482
1.99553
2.15324
1.99694
1.96823
1.98346
1.99964
2.02817
1.98082
1.98316
2.12827
2.17178
1.9787
1.97044
1.97945
2.02439
2.00943
1.97854
1.99461
2.21893
1.9723
2.16956
2.00319
1.9696
1.96047
2.01526
2.03106
2.20331
2.00511
1.98043
2.03731
2.09334
2.01108
2.22284
2.6515
2.26254
2.15964
2.17531
2.34454
2.20117
2.0306
2.22241
2.28309
2.05994
2.06943
2.52934
2.59503
2.14757
2.02877
2.06556
2.15212
2.01372
2.11483
2.03443
2.10626
2.06397
2.11271
2.17473
2.71485
2.3931
2.16623
2.25322
2.10787
2.13214
2.03472
2.33116
2.04538
2.20419
2.04731
2.14336
2.07706
2.0509
2.03114
3.17539
3.56071
2.37776
2.05931
1.98811
1.98685
2.11449
2.19665
1.99413
1.96854
1.96673
1.97296
1.99923
1.96418
1.97689
2.31035
2.00748
1.98337
1.97341
2.00627
1.97894
1.98901
1.9762
2.15746
1.9968
1.97817
1.96848
2.03181
2.1268
1.99512
1.97624
2.18013
2.08694
1.98379
1.9707
1.98199
2.04083
2.01531
1.97245
2.16875
2.16286
1.99018
2.05217
1.98815
1.95684
1.95953
1.95499
2.00874
2.36945
2.11202
1.98634
1.96459
2.03227
2.02248
2.00926
1.97043
2.55021
2.21718
2.05617
1.96606
1.96036
1.95814
2.03083
2.0036
2.17806
1.99536
2.00861
1.9853
2.02242
2.14393
2.02661
1.97846
2.19282
1.98284
1.96483
1.94659
1.95451
1.99159
1.98248
1.98443
2.24887
2.028
1.98286
1.97224
1.98274
1.96845
2.09157
2.08006
2.16557
2.08411
2.1291
2.01962
1.98253
1.96949
1.95724
1.96744
1.96095
2.29834
2.01136
1.97169
1.96666
2.01952
1.9762
1.97064
1.9923
2.1754
2.04388
1.99731
1.97446
1.96723
1.9896
2.11685
2.11658
2.21923
1.98873
1.97297
1.98218
2.0157
1.98331
1.97561
1.98069
2.08952
2.06927
1.97262
1.96164
1.95043
1.99653
2.02855
1.99993
2.05101
2.17926
1.98671
2.06792
2.05784
2.04976
1.98042
1.96603
1.95747
2.25292
2.03145
1.96217
2.01768
1.96935
1.96051
1.9504
1.95006
2.24382
2.04786
1.96803
1.96308
1.9945
2.01337
1.9706
2.06063
2.25082
2.00088
1.96564
1.9601
1.95714
1.95619
1.98798
1.95744
2.0642
2.16763
1.99959
1.96293
1.95592
2.0898
1.99415
2.00528
1.9735
2.17959
1.98583
1.96381
1.96574
2.11492
1.99425
1.97635
1.96603
2.19743
2.01039
1.9761
1.96886
1.98187
2.01881
2.01254
1.97554
2.22952
2.08883
1.98221
1.98903
1.97488
1.99046
2.01514
1.97416
2.05173
2.35908
1.98402
1.97504
1.96117
2.02227
2.01562
1.9779
1.96207
2.21306
1.98246
1.96664
1.99048
1.97197
1.99187
1.95984
1.99031
2.20371
1.99889
1.97168
1.96707
1.95613
2.20195
1.99073
1.98516
2.06369
2.07014
1.96755
1.95809
1.95233
1.95749
2.02103
2.08962
2.11501
2.13684
1.98097
1.96847
1.9623
2.02639
2.0113
2.00346
1.9829
2.20275
2.15654
1.98456
2.03466
1.97355
1.97076
2.00461
1.97922
2.27193
2.02087
1.99262
1.96947
2.01654
1.98252
1.98439
1.96678
2.13061
2.01707
2.05885
1.98278
1.95878
1.96581
2.11331
1.99563
2.15327
2.05301
1.97975
1.97361
1.95445
2.04217
1.98925
2.01023
1.9991
2.11045
1.97993
1.96503
1.95531
1.96059
1.99367
1.986
1.97
2.19708
2.03155
2.1221
1.99492
2.03075
1.98603
1.96189
1.99314
2.27405
2.03374
1.97049
1.97465
1.98815
2.0032
1.97139
1.95914
2.07742
2.09614
1.9813
1.97989
1.96233
2.02611
2.01231
2.16425
2.0594
2.10764
2.01859
1.9766
2.0204
1.97316
1.97074
1.96427
1.97171
2.18521
1.99529
1.97523
1.985
2.06704
2.04829
1.98785
1.97887
2.10469
1.99465
1.97829
2.12278
2.01499
1.98129
1.98972
2.01302
2.17666
2.02172
1.9883
1.97421
1.95967
2.05743
2.02774
1.96601
2.08366
2.1332
1.98977
1.96872
1.9918
1.9788
2.062
2.05006
2.15827
2.17204
1.99073
1.96878
1.96445
2.03103
2.04625
1.98309
1.97186
2.11276
2.22125
2.04483
1.97438
1.97535
1.98333
2.01162
1.9815
2.21919
1.99611
1.95718
1.969
2.13115
2.0355
1.98922
1.99744
2.12931
2.06574
1.97231
1.96317
1.96107
1.94983
2.01028
1.97667
1.97432
2.19558
2.00426
1.98113
1.96442
2.01105
1.98343
1.97055
1.95877
2.19582
2.06021
1.98262
2.03446
2.02647
1.98565
1.98862
1.96549
2.12494
2.00339
1.97255
1.96041
2.09324
2.02256
1.97705
1.95836
2.0917
2.05794
1.99343
1.97569
1.9829
1.98891
2.12453
2.02468
1.98208
2.16135
1.99151
1.96131
1.95723
1.95701
2.05015
2.02799
2.00309
2.17413
1.98978
1.98389
1.97322
1.95802
1.99419
1.98935
1.97503
2.20423
2.03186
2.16856
1.98815
1.96453
2.05207
1.97541
2.00409
2.2206
2.03682
1.97576
1.96407
2.02971
1.97067
2.00952
1.99654
1.99021
2.21573
1.98434
1.97104
1.96411
1.96132
2.06645
2.11856
1.98556
2.167
1.9838
1.99349
1.97325
1.97207
2.00494
1.98137
1.98677
2.24221
1.99252
1.97608
1.95907
1.95545
2.07766
1.98834
2.01686
2.13214
2.15534
1.98924
2.11987
1.99517
1.97147
1.96676
1.98152
2.15274
2.10572
2.01118
1.98403
1.98263
2.04484
1.98232
1.99001
1.96916
2.26608
2.01098
1.97145
2.00692
2.00711
1.9703
1.96383
2.14111
2.20106
1.99598
1.97481
2.00817
2.09736
2.03725
2.18976
2.65474
2.34876
2.18774
2.10545
2.59195
2.58586
2.35974
2.08399
2.20455
2.11796
2.02317
2.33429
2.67114
2.4393
2.05742
2.2245
2.03792
2.04069
2.10528
2.0258
2.10943
2.07076
2.04238
2.19028
2.07962
2.03972
2.09138
2.10901
2.0801
2.11572
2.0286
2.50229
2.06169
2.10635
2.03698
2.05863
2.02659
2.02471
2.03848
2.27977
4.39555
2.41273
1.99455
1.99848
2.06411
1.98137
2.11561
1.99444
1.97138
2.0174
2.09514
2.07443
1.9926
2.00631
2.15503
1.99097
1.97345
1.96055
1.96298
2.0545
1.97901
2.03313
2.21241
2.10314
2.01463
1.97937
1.96372
1.96073
1.99969
1.99919
2.05622
2.27951
2.017
1.98112
2.01379
2.00447
2.00429
1.98007
1.98158
2.27335
1.9812
1.97455
1.96533
2.00951
1.97509
1.96631
2.01703
2.17382
2.01494
1.97078
1.9745
1.95608
2.00674
2.09855
1.99386
2.20296
1.99838
1.97348
1.96795
1.98872
1.97413
2.00305
2.00302
2.07907
2.16987
1.9818
1.9908
1.97141
1.97179
2.00124
1.99482
1.99347
2.26177
2.0425
2.13224
1.98165
1.96742
1.96242
1.97769
2.01609
2.21356
1.99369
1.96915
1.97763
1.99023
2.00905
1.97378
1.96614
2.31538
2.03712
1.98729
1.97581
1.99735
1.9858
1.99767
2.23109
2.1582
2.02793
1.97065
1.96782
1.96314
1.96426
1.99653
1.97487
1.99393
2.41515
2.05852
2.12997
2.02286
1.98641
1.97091
1.96693
1.95959
2.18642
1.98479
2.03873
2.12242
1.97943
2.2161
2.35305
2.12178
2.13928
1.98989
1.96883
1.96761
1.98968
2.36507
2.21027
2.25969
2.11023
1.99074
1.99165
2.13533
2.13989
2.07848
2.13089
2.52039
2.13453
1.98634
2.17876
2.18928
2.09569
2.00816
2.21414
2.20561
2.14181
2.23923
1.99901
1.97176
1.965
1.96619
1.95587
2.30015
2.12756
1.987
1.99243
2.19534
2.00606
1.97744
1.9874
2.04314
2.09658
1.9785
1.97232
1.95724
1.96146
2.04645
2.00012
2.04958
2.22704
1.99531
1.96712
1.96382
1.95825
1.99864
1.98724
1.9779
2.29194
2.01589
1.96857
1.95999
1.97261
2.02762
1.98438
2.02162
2.14505
2.05745
1.97502
1.97305
1.99494
1.98236
1.96517
1.96678
2.05107
2.10912
2.00011
1.96689
1.97885
2.12443
2.00361
1.97485
1.9762
2.17979
1.98744
1.96719
1.96393
2.02088
1.98098
1.96753
1.96028
2.15492
1.98281
1.96537
1.95853
1.94655
1.96097
1.99332
2.01177
2.20577
2.19329
2.04049
1.98754
1.96361
1.96498
1.95998
2.02191
2.18279
2.09927
1.98463
1.98852
1.9566
2.01443
2.01691
1.96784
1.97498
2.27182
1.98741
1.9576
1.9664
2.00444
2.05845
2.05734
1.98
2.22601
1.99758
1.97332
2.01762
1.98759
2.00632
1.9719
1.96699
2.26602
2.07417
1.98665
1.97162
1.96435
2.00026
2.00898
1.98182
2.20827
2.03163
2.0792
2.05046
2.07794
1.9899
1.97041
2.01873
2.13035
2.18233
1.9862
1.96673
2.00538
1.97005
1.97116
1.97884
1.97255
2.14762
1.98447
1.96927
1.95943
1.95862
2.04633
2.00333
2.1481
2.16883
1.99571
2.01634
1.98328
1.99764
1.98496
2.03819
1.97077
2.14494
2.02293
1.97426
1.95628
1.96498
1.95749
2.10765
2.02129
2.11792
2.10222
1.99384
1.99598
2.11005
1.98144
2.04918
2.0256
2.04928
2.1414
1.98564
1.96165
1.96316
1.9567
1.99626
1.95731
2.02718
2.26565
2.0242
1.96949
1.96808
1.96211
1.99705
1.96849
1.99533
2.33079
2.02651
1.97319
1.97008
1.96386
1.98083
2.04152
1.98417
2.18872
2.0744
1.97506
1.97031
1.95944
2.01544
1.99453
