0.768783
0.699729
0.452602
0.493873
0.565278
0.569266
0.462207
1.07812
1.10592
0.879062
0.466171
0.446172
0.464894
0.450213
0.45255
0.443429
0.455044
0.444228
0.450558
0.454493
0.444745
0.453815
0.448274
0.450128
0.444687
0.455017
0.444004
0.447476
0.445013
0.455594
0.444488
0.531713
0.52637
0.447993
0.454163
0.448383
0.449485
0.443354
0.44624
0.444711
0.58244
0.974096
1.00275
0.499216
0.508637
0.548354
0.454456
0.449121
0.45834
0.455187
0.451476
0.443438
0.443116
0.455578
0.443426
0.44767
0.444668
0.452208
0.44355
0.451035
0.44824
0.444174
0.450874
0.443932
0.452212
0.473829
0.454704
0.443622
0.450878
0.444072
0.447737
0.443491
0.448767
0.458099
0.623045
0.498921
0.477627
0.455808
0.448592
0.451248
0.443815
0.517462
0.448084
0.449863
0.448275
0.449726
0.444213
0.444566
0.450399
0.443782
0.451298
0.448616
0.450915
0.444196
0.451096
0.446533
0.460965
0.455074
0.448702
0.453221
0.445002
0.459909
0.450476
0.462914
0.445412
0.451081
0.451058
0.579908
0.616156
0.610411
0.577852
0.608393
0.589824
0.504577
0.466463
0.456225
0.460661
0.500884
0.508239
0.57368
0.543824
0.469448
0.461061
0.51416
0.46926
0.445442
0.443741
0.451907
0.504308
0.568544
0.6025
0.508157
0.464036
0.447106
0.486263
0.574394
0.544006
0.458177
0.466643
0.452617
0.456423
0.459032
0.493234
0.534862
0.50404
0.467533
0.449777
0.502042
0.523621
0.46698
0.452425
0.45902
0.444993
0.45923
0.450216
0.462202
0.44745
0.445059
0.453466
0.534582
0.623098
0.601502
0.601696
0.578563
0.565319
0.590769
0.58573
0.517645
0.490036
0.454482
0.458353
0.450479
0.444922
0.455799
0.448979
0.460189
0.522909
0.518816
0.480558
0.475514
0.485609
0.469171
0.452877
0.485776
0.453216
0.458367
0.456307
0.533808
0.453954
0.459171
0.454015
0.44491
0.451446
0.450736
0.466251
0.538622
0.46938
0.452441
0.459797
0.444138
0.456689
0.453184
0.512906
0.490405
0.463412
0.451401
0.467008
0.560031
0.557559
0.458872
0.454299
0.598224
0.533285
0.460848
0.46196
0.496655
0.462206
0.457281
0.444018
0.453936
0.444452
0.465541
0.454769
0.466975
0.453541
0.456391
0.458021
0.450508
0.467024
0.523428
0.465674
0.450309
0.457268
0.449458
0.452849
0.451136
0.48235
0.472707
0.467085
0.455978
0.455772
0.444866
0.443847
0.457577
0.49457
0.494626
0.510299
0.499721
0.523745
0.479594
0.478213
0.454944
0.449433
0.450602
0.482574
0.483488
0.52537
0.473349
0.454873
0.454884
0.445589
0.447944
0.447314
0.452373
0.495721
0.455306
0.464161
0.446038
0.450903
0.447743
0.477976
0.47277
0.465007
0.448368
0.445374
0.453709
0.448645
0.464719
0.448706
0.453836
0.445512
0.46062
0.536171
0.997652
1.26417
1.21919
0.729032
0.471599
0.507191
0.783519
0.465669
0.45147
0.542497
0.478967
0.456158
0.449609
0.444013
0.449601
0.442859
0.450004
0.443814
0.454622
0.443281
0.449933
0.443722
0.443722
0.449691
0.443578
0.455017
0.4435
0.448591
0.443168
0.48279
0.506119
0.550516
0.637537
0.526016
0.448089
0.452933
0.442991
0.498564
0.44556
0.450707
0.444045
0.443325
0.452654
0.448501
0.450793
0.444168
0.450077
0.470588
0.46526
0.449978
0.45183
0.444244
0.443818
0.450204
0.444156
0.450033
0.486909
0.450847
0.443756
0.451549
0.443751
0.450613
0.449195
0.44332
0.449556
0.508446
0.587904
0.639445
0.473704
0.468372
0.47312
0.444701
0.453696
0.44369
0.454616
0.443524
0.453436
0.444815
0.451521
0.44333
0.452963
0.443896
0.443776
0.450665
0.444503
0.449029
0.443395
0.454815
0.443236
0.450068
0.454555
0.475033
0.45072
0.449226
0.45219
0.443807
0.450674
0.443995
0.449444
0.44791
0.447571
0.529922
0.589153
0.513152
0.490362
0.450575
0.45134
0.443683
0.443535
0.450353
0.450708
0.457994
0.443716
0.45028
0.443391
0.450035
0.443127
0.448561
0.449192
0.443558
0.448661
0.448624
0.460897
0.444062
0.455652
0.474506
0.449769
0.444216
0.443742
0.45013
0.448273
0.449792
0.443935
0.450689
0.443312
0.450083
0.448318
0.443226
0.55111
0.48419
0.566759
0.490924
0.499569
0.487436
0.446616
0.44418
0.451906
0.443117
0.45523
0.443882
0.450499
0.442762
0.448592
0.453921
0.443569
0.456637
0.44386
0.450849
0.443815
0.45122
0.443736
0.455263
0.473802
0.461604
0.444465
0.449607
0.448857
0.448219
0.449304
0.442997
0.447102
0.443375
0.447991
0.448641
0.554818
0.52325
0.488319
0.464321
0.465263
0.450486
0.443445
0.447642
0.443276
0.452302
0.444028
0.452159
0.448921
0.452783
0.443353
0.443591
0.450917
0.44402
0.452143
0.443644
0.505478
0.491853
0.467608
0.476348
0.457075
0.443773
0.448098
0.443901
0.444046
0.448364
0.447059
0.449591
0.443122
0.449887
0.443219
0.449054
0.503638
0.508847
0.535614
0.49296
0.445995
0.501575
0.447015
0.450046
0.44853
0.444521
0.456838
0.444753
0.451532
0.448821
0.449556
0.44359
0.443689
0.450224
0.442484
0.454005
0.468515
0.453615
0.443157
0.451394
0.474926
0.454432
0.45168
0.452147
0.464666
0.455234
0.459419
0.478817
0.453108
0.446063
0.454492
0.445021
0.458672
0.56867
0.501596
0.449963
0.454244
0.445183
0.44422
0.451019
0.448997
0.452704
0.444071
0.452844
0.444547
0.454801
0.449711
0.444389
0.451235
0.443556
0.451542
0.444188
0.462223
0.445906
0.460997
0.453774
0.451575
0.444316
0.448631
0.451987
0.443728
0.458181
0.446933
0.452112
0.44554
0.456614
0.44458
0.443648
0.450963
0.507116
0.516201
0.531271
0.464481
0.521764
0.534415
0.450508
0.45187
0.448534
0.45244
0.443451
0.450565
0.443741
0.450034
0.44858
0.443884
0.448962
0.442761
0.453872
0.443518
0.45557
0.443336
0.449752
0.443583
0.447127
0.444698
0.443932
0.454842
0.473535
0.451765
0.443309
0.450775
0.442653
0.4535
0.443419
0.454541
0.541545
0.562306
0.499407
0.489237
0.445971
0.45721
0.451602
0.443945
0.452241
0.448324
0.451958
0.44382
0.448553
0.443686
0.447618
0.449375
0.443939
0.450266
0.443323
0.450277
0.443728
0.464095
0.480652
0.451001
0.443852
0.44384
0.449513
0.443913
0.456054
0.44423
0.451021
0.443283
0.45226
0.442749
0.452722
0.444995
0.44475
0.551169
0.614204
0.471879
0.483256
0.478347
0.453999
0.455208
0.443075
0.450466
0.449375
0.459715
0.446176
0.450385
0.443312
0.448635
0.450309
0.453515
0.45096
0.443693
0.450268
0.444349
0.452973
0.448692
0.451556
0.531958
0.486778
0.455414
0.444077
0.461899
0.443571
0.452591
0.443931
0.449693
0.443904
0.457739
0.443838
0.5575
0.45993
0.516051
0.449514
0.483298
0.444389
0.444324
0.452021
0.444091
0.48435
0.444029
0.456805
0.443601
0.460613
0.450817
0.449693
0.444621
0.448735
0.45164
0.443829
0.452969
0.445012
0.4502
0.448369
0.45051
0.444368
0.474016
0.45023
0.443833
0.461305
0.444483
0.450814
0.442101
0.449863
0.44347
0.453765
0.492783
0.581309
0.513533
0.487986
0.444972
0.444311
0.456839
0.443472
0.448364
0.444054
0.450177
0.485129
0.467008
0.445115
0.449279
0.442982
0.442829
0.44837
0.448361
0.44798
0.443397
0.447135
0.443618
0.447263
0.447908
0.476999
0.443697
0.44366
0.44643
0.443153
0.45273
0.443432
0.449777
0.444467
0.446889
0.448042
0.443345
0.537971
0.50966
0.49602
0.484298
0.450674
0.444505
0.457908
0.443878
0.503858
0.480742
0.463225
0.445245
0.455023
0.444175
0.443614
0.454954
0.443608
0.447565
0.449031
0.448389
0.44377
0.474173
0.465001
0.469324
0.449323
0.496986
0.445531
0.443953
0.473254
0.451728
0.455968
0.448534
0.447961
0.443191
0.446681
0.442697
0.577578
0.57584
0.503777
0.447084
0.483246
0.457301
0.449238
0.44991
0.444484
0.450646
0.444154
0.451369
0.443265
0.455318
0.444389
0.447132
0.443429
0.443664
0.45098
0.449336
0.454109
0.444029
0.448487
0.475461
0.447354
0.444178
0.453839
0.44541
0.443513
0.450466
0.443199
0.450623
0.448698
0.451955
0.443651
0.447337
0.498932
0.536233
0.494182
0.486522
0.445275
0.444062
0.451112
0.444967
0.454552
0.443894
0.449326
0.443965
0.452898
0.44472
0.44879
0.448592
0.4434
0.449243
0.443599
0.447664
0.443939
0.469162
0.445029
0.449534
0.444911
0.47485
0.450504
0.44849
0.45109
0.469764
0.523107
0.486013
0.482702
0.448287
0.447657
0.443914
0.446639
0.533969
0.529739
0.50979
0.459894
0.445498
0.444092
0.449006
0.49534
0.460832
0.44465
0.452696
0.443784
0.449468
0.443714
0.452285
0.449397
0.453959
0.4606
0.446136
0.452801
0.443947
0.455222
0.444409
0.454268
0.444113
0.480406
0.444582
0.44819
0.450645
0.443556
0.450818
0.444063
0.457751
0.454327
0.4505
0.443124
0.54789
0.518991
0.488222
0.449168
0.443659
0.452839
0.447616
0.451227
0.443739
0.449959
0.450679
0.453017
0.443997
0.450625
0.444494
0.443345
0.456284
0.443563
0.452117
0.444311
0.450695
0.444074
0.454878
0.443532
0.474499
0.44995
0.4442
0.44942
0.447922
0.449794
0.443673
0.450616
0.443834
0.443557
0.457326
0.442659
0.451724
0.54581
0.535973
0.492177
0.455119
0.448507
0.451654
0.44452
0.448908
0.443888
0.451828
0.448596
0.505409
0.508036
0.493201
0.450184
0.444788
0.457173
0.44375
0.450395
0.443776
0.450934
0.443956
0.475217
0.44551
0.444237
0.452374
0.443941
0.45227
0.448561
0.451744
0.443936
0.455324
0.443498
0.448401
0.445025
0.479148
0.57055
0.518963
0.449636
0.443889
0.453383
0.477744
0.449554
0.443475
0.451759
0.443779
0.447709
0.44804
0.443435
0.449414
0.443381
0.447074
0.443391
0.451806
0.443695
0.446924
0.443628
0.443105
0.447594
0.47971
0.451343
0.443919
0.450854
0.443895
0.452026
0.443793
0.456756
0.443791
0.443231
0.452269
