0.708678
0.735982
0.681953
0.69602
0.748653
0.681781
0.67141
0.680499
0.869129
0.885944
1.08108
0.701379
0.728895
0.686645
0.678165
0.805757
0.876531
0.691846
0.717572
0.698905
0.707712
0.67761
0.696084
0.706316
0.673521
0.7015
0.701017
0.696302
0.695501
0.692028
0.786185
1.16581
1.41613
0.812817
0.691918
0.689121
0.673974
0.741117
0.676449
0.685395
0.671615
0.679854
0.676711
0.672212
0.673567
0.673543
0.704699
0.704957
0.675335
0.699032
0.73472
0.677878
0.809915
0.837798
0.699685
0.715027
0.708246
0.690324
0.700101
0.703883
0.691899
0.699249
0.69708
0.690728
0.693354
0.696409
0.698404
0.689789
0.695603
0.693329
0.689582
0.709198
0.673341
0.675063
0.858002
0.843336
0.719787
0.847023
0.727586
0.740897
0.707454
0.700646
0.695129
0.699402
0.696443
0.690958
0.697015
0.708946
0.694655
0.784869
0.706525
0.705279
0.723159
0.730946
0.704314
0.69207
0.698432
0.70147
0.720934
0.796161
0.733449
0.727475
0.721614
0.70299
0.685706
0.679772
0.698975
0.69726
0.694792
0.691664
0.694064
0.695997
0.695498
0.691208
0.713525
0.696746
0.692204
0.693461
0.728233
0.691085
0.702254
0.703493
0.761495
0.783669
0.729812
0.744687
0.735779
0.715131
0.734315
0.698586
0.696339
0.700545
0.701767
0.818216
0.823623
0.709414
0.705852
0.733321
0.698329
0.70461
0.699925
0.71692
0.723854
0.700361
0.70027
0.82086
0.768506
0.706536
0.707005
0.702535
0.698219
0.695761
0.690429
0.697409
0.697018
0.688209
0.69598
0.696443
0.695451
0.689641
0.693285
0.696498
0.688619
0.712351
0.708085
0.703371
0.704765
0.705611
0.699645
0.746569
0.955059
0.810726
0.693821
0.725268
0.728657
0.795619
0.699499
0.699718
0.698335
0.696845
0.719861
0.720222
0.680103
0.7067
0.689762
0.709852
0.673187
0.674396
0.677028
0.708567
0.672359
0.677298
0.881379
0.971076
0.732226
0.721035
0.735917
0.700502
0.694303
0.691091
0.699774
0.73518
0.700347
0.699883
0.699821
0.692421
0.701093
0.694806
0.695224
0.689537
0.692924
0.69938
0.690016
0.69609
0.695523
0.813486
0.784138
0.779458
0.707274
0.698798
0.701344
0.700615
0.708061
0.692733
0.699471
0.693166
0.687807
0.692825
0.692227
0.692463
0.704961
0.673544
0.715706
0.69941
0.677919
0.672435
0.699899
0.691867
0.764404
0.70903
0.826832
0.731881
0.726237
0.71266
0.697281
0.69482
0.695619
0.690911
0.695536
0.693365
0.68899
0.693523
0.789804
0.884128
0.715032
0.707648
0.709041
0.727652
0.714114
0.699158
0.711959
0.689525
0.836977
0.713343
0.791406
0.700469
0.70662
0.715278
0.697882
0.689478
0.698787
0.695035
0.695419
0.699813
0.699614
0.692442
0.700707
0.723809
0.705817
0.69621
0.699596
0.698938
0.688507
0.697024
0.693275
0.729542
0.793976
0.710039
0.703798
0.69608
0.696312
0.6925
0.689432
0.691674
0.691171
0.689511
0.693463
0.692091
0.695057
0.704174
0.695758
0.693271
0.689384
0.694555
0.722312
0.689872
0.696358
0.696277
0.742806
0.904597
0.715364
0.756488
0.919894
0.702205
0.715002
0.735439
0.702462
0.691523
0.708934
0.71195
0.767173
0.720357
0.703541
0.703887
0.717195
0.723316
0.696735
0.696105
0.699095
0.707068
0.707619
0.745386
0.902534
0.716507
0.709539
0.702194
0.714586
0.695222
0.694883
0.691091
0.699318
0.701285
0.68896
0.695006
0.695153
0.689629
0.686803
0.68213
0.72308
0.746764
0.704094
0.695183
0.676945
0.680793
0.678942
0.842667
0.699379
0.749272
0.790581
0.724822
0.7219
0.702113
0.700625
0.698437
0.701831
0.696953
0.777117
0.703786
0.70639
0.708716
0.690316
0.795421
0.909061
0.707211
0.701877
0.707333
0.730162
0.711382
0.892663
1.106
1.14531
0.881028
0.806033
0.702882
0.694103
0.756046
0.7633
0.699557
0.698304
0.691518
0.699624
0.697228
0.720683
0.693865
0.700167
0.699044
0.691415
0.694591
0.695952
0.703139
0.784625
1.03578
1.12326
0.927837
0.698709
0.686085
0.715451
0.72657
0.694231
0.695492
0.690485
0.694729
0.695052
0.689097
0.720384
0.706964
0.818515
1.22683
1.21893
0.726121
0.862026
1.11105
1.11265
1.04656
0.936942
0.970778
0.975943
1.09245
0.727756
0.704455
0.736809
0.739754
0.746255
0.769979
0.774039
0.715682
0.701775
0.72001
0.75475
0.681307
0.78517
0.944605
0.915617
1.01659
0.785108
0.734374
0.748449
0.720943
0.738779
0.763931
0.694227
0.698366
0.698331
0.696282
0.690197
0.721957
0.703062
0.695197
0.699691
0.696183
0.754697
0.696086
1.03448
0.967452
0.997466
0.73099
0.77387
0.731504
0.732989
0.727097
0.772974
0.699012
0.697774
0.699341
0.693388
0.695297
0.697799
0.734576
0.769561
0.756893
0.944664
0.691427
0.7118
0.791737
0.890959
0.921318
1.08303
0.76546
0.753487
0.710547
0.709696
0.709958
0.703721
0.751298
0.6974
0.695729
0.691214
0.697193
0.696064
0.688291
0.697148
0.696052
0.695138
0.690961
0.701375
0.700939
0.774094
0.93617
1.15545
0.964133
0.858395
0.732506
0.711805
0.699829
0.703186
0.763429
0.698949
0.690572
0.697969
0.698068
0.709932
0.699956
0.697733
0.726971
0.713147
0.696306
0.695779
0.689097
1.03938
0.75615
0.896326
0.855637
0.738121
0.737448
0.753581
0.752349
0.981545
0.736424
0.766651
0.734862
0.699468
0.692098
0.729621
0.706369
0.729718
0.69829
0.698517
0.701777
0.715547
0.807423
0.86275
0.925348
0.919513
0.78024
0.754905
0.744482
0.712348
0.712799
0.768814
0.796437
0.745005
0.684198
0.702134
0.695913
0.700047
0.690833
0.695585
0.694667
0.693431
0.697441
0.697755
0.693809
0.887133
0.719703
0.996809
0.799259
0.738741
0.787699
0.767369
0.743256
0.714636
0.712662
0.760911
0.698623
0.727591
0.702365
0.706302
0.701863
0.730383
0.710307
0.704338
0.696859
0.6903
0.978093
0.957448
1.12664
1.12468
0.766923
0.795824
0.753717
0.797021
0.723848
0.738094
0.708284
0.7083
0.744837
0.698365
0.700829
0.690001
0.699607
0.725457
0.732405
0.716494
0.699962
0.699204
0.885631
0.958883
1.06995
0.779729
0.785428
0.732332
0.708452
0.72549
0.890191
0.701158
0.70008
0.691354
0.696661
0.696735
0.688768
0.70785
0.673926
0.702781
0.69154
0.692621
0.694068
0.689344
0.782318
1.04476
1.12085
0.951385
0.817418
0.817495
0.716614
0.708538
0.785939
0.722789
0.803276
0.860314
0.711291
0.708125
0.715286
0.701635
0.703537
0.696716
0.71327
0.730147
0.69421
0.70128
0.809303
0.925817
1.00897
0.96828
0.767201
0.767888
0.70397
0.712203
0.78077
0.698815
0.691676
0.696942
0.69909
0.690417
0.719676
0.703047
0.695567
0.731778
0.704715
0.702513
0.715299
0.734643
1.08647
1.12814
1.05557
0.762927
0.716767
0.724071
0.723103
0.802144
0.737693
0.706651
0.716132
0.724292
0.709846
0.728788
0.708451
0.703131
0.731916
0.715188
0.69698
0.69746
0.690044
0.82798
0.95368
1.1825
0.908703
0.752241
0.769382
0.751144
0.733149
0.741649
0.787708
0.695663
0.701236
0.827572
0.698344
0.689347
0.694784
0.69576
0.692025
0.695313
0.692996
0.695164
0.691546
0.820922
0.791612
0.98913
0.855939
0.786114
0.900929
0.720463
0.710264
0.709123
0.76714
0.699261
0.698712
0.69379
0.694616
0.697722
0.691233
0.698484
0.694783
0.733104
0.693271
0.710115
0.718474
0.742409
0.813547
1.011
0.88598
0.72563
0.779939
0.744574
0.739682
0.712603
0.717913
0.734718
0.698825
0.696314
0.688775
0.895594
0.727726
0.707978
0.725053
0.727126
0.695921
0.695317
0.68944
0.795065
0.966617
1.10959
0.780527
0.799931
0.76138
0.746271
0.733713
0.789578
0.71389
0.724215
0.715348
0.716323
0.707222
0.675595
0.69402
0.702818
0.698799
0.699678
0.689299
0.709361
0.702248
0.72724
0.781211
0.990913
0.998579
0.749395
0.759631
0.735149
0.700711
0.713442
0.764211
0.700323
0.739265
0.714565
0.710521
0.723659
0.732235
0.722166
0.702949
0.714295
0.703065
0.698507
0.717221
0.753566
0.715328
0.992575
1.12159
1.03317
0.845968
0.788981
0.744946
0.751462
0.823016
0.709557
0.700105
0.787941
0.720833
0.717007
0.708779
0.704202
0.696305
0.692146
0.695989
0.697519
0.698719
0.791529
1.12476
1.05815
0.812392
0.757386
0.75289
0.791997
0.705195
0.710321
0.770981
0.693028
0.69874
0.697959
0.698215
0.692594
0.713497
0.717436
0.709241
0.702007
0.694883
0.744982
0.719327
0.76115
1.02013
1.08283
0.939899
0.794324
0.781292
0.752318
0.728104
0.711852
0.710884
0.6926
0.762162
0.719355
0.693878
0.699366
0.715654
0.844608
0.701422
0.738548
0.72971
0.714736
0.745655
1.11657
1.08187
0.796357
0.776102
0.740959
0.712983
0.702872
0.711068
0.751336
0.713387
0.698804
0.749732
0.705929
0.69713
0.702019
0.698647
0.692091
0.697187
0.696455
0.690666
0.696542
0.773091
0.795642
1.03405
0.843441
0.740861
0.789793
0.735737
0.747402
0.774883
0.719774
0.754383
0.741022
0.71445
0.729373
0.698315
0.690549
0.716929
0.699406
0.695126
0.691605
0.695231
0.695091
0.715103
1.05881
0.943189
0.785979
0.754637
0.760631
0.713712
0.86597
0.733357
0.773502
0.700049
0.720499
0.679683
0.713622
0.691031
0.709084
0.716971
0.697691
0.705446
0.707535
0.693018
0.703171
0.696335
0.924084
1.14858
0.952758
0.747039
0.764885
0.736195
0.710099
0.706834
0.699566
0.76154
0.769487
0.702433
0.697857
0.699755
0.730289
0.711304
0.741824
0.685875
0.728162
0.72042
0.699552
0.696632
0.856154
0.942511
0.886675
0.962534
0.769905
0.758567
0.748769
0.703948
0.7098
0.77746
0.702275
0.705436
0.696422
0.698972
0.690179
0.712759
0.717395
0.707682
0.695337
0.895724
0.761908
0.911526
1.09161
0.935556
0.959273
0.745576
0.807916
0.737674
0.726661
0.695462
0.765233
0.702236
0.696535
0.6933
