3.23347
2.88862
2.80639
2.78238
2.78693
3.98385
2.84125
2.78623
2.79835
2.7873
2.92506
3.02731
2.85137
2.78736
2.82015
2.7977
3.03248
2.83406
2.9093
2.86916
2.78009
2.78883
2.97049
2.81872
2.86039
2.871
2.97533
2.96705
3.02815
2.97491
2.86716
2.81649
2.78776
2.95805
2.86286
2.93772
2.86135
2.79217
2.77994
2.92536
2.88242
3.02577
2.83616
2.85554
2.89497
2.98948
3.96658
2.87233
2.81929
2.78361
3.03312
2.97663
2.92035
2.86458
3.0194
2.97846
3.03862
2.9303
2.91829
2.87219
2.91573
2.90994
2.94595
2.87299
2.87698
2.78865
2.79113
2.84112
2.94981
2.92008
3.02534
2.88476
2.87333
2.96653
2.93652
2.90823
2.8635
2.86325
2.80852
2.96775
2.92402
2.83482
2.89429
2.86609
3.00326
3.09397
2.84299
2.93404
2.85343
2.86693
3.00474
2.87079
2.911
2.85789
2.85628
2.84445
2.99439
2.87063
2.9466
3.13488
2.87668
2.86327
3.08756
2.86586
2.85195
2.79045
2.89643
3.00535
2.87606
2.93207
2.95516
2.85892
2.86438
3.00741
3.14628
2.92917
2.86809
2.86178
2.78068
3.05912
2.8221
2.9544
2.87318
2.78479
2.798
2.93662
2.94428
2.91451
3.29557
2.88962
2.99846
2.87435
2.91304
2.79219
2.79782
2.8616
2.95664
2.92599
2.87249
2.86192
2.82847
2.79428
3.0009
3.10876
2.97458
2.80002
2.79036
2.8526
2.96074
2.88894
2.81539
2.78091
2.77501
2.91528
2.94255
2.85096
2.96022
2.8628
3.16883
3.05182
2.93028
2.85214
2.86135
2.8931
2.8295
2.96574
2.79626
2.9056
2.93328
2.87472
2.9304
2.92247
3.17471
2.91658
3.41413
2.78647
3.00984
2.84711
2.83767
2.8546
2.77944
2.78906
3.06435
2.93186
2.86577
2.78931
2.77674
3.07349
2.98351
2.88037
2.79675
2.81966
2.83184
3.03897
2.87069
2.9731
2.88024
2.78716
2.78185
3.04932
2.91076
2.93323
3.14131
2.87106
2.90746
3.05885
2.8711
2.86389
2.78399
2.8404
2.97062
2.94738
2.86808
2.94526
2.88358
2.85805
3.27262
2.80114
2.83607
2.86909
2.84352
2.8191
3.11499
2.83945
2.86718
2.85008
2.86486
2.93866
3.02544
2.81685
2.77984
3.13559
2.90376
3.01033
2.79988
2.85604
2.92692
2.79012
2.92166
2.97637
2.87057
2.86631
2.86797
2.82919
2.82582
3.01614
3.07748
2.95407
2.8744
2.95672
2.88269
3.00287
2.90381
2.84388
2.78234
2.84427
2.82659
3.21931
2.87498
2.89975
3.16144
2.91595
3.09443
2.92888
2.86729
2.87794
2.90332
2.8679
3.05968
2.81086
2.95566
2.88769
2.83658
2.92891
2.85245
3.00057
3.0455
2.87336
2.81892
2.95479
2.93421
2.97376
2.86963
2.92735
2.93242
3.06731
2.8388
2.7895
2.7773
2.90354
3.12344
2.96989
2.82147
2.83001
2.92985
2.93332
2.97836
2.90278
2.8767
2.84495
2.78597
2.78161
2.97971
2.87073
3.08701
2.87719
2.84613
2.99128
2.91502
2.92133
2.7981
2.84541
2.8928
3.02137
2.79943
2.81047
2.98115
2.81239
2.86852
3.18983
2.90882
2.91266
2.81506
2.78664
2.79568
3.0588
2.93091
2.95201
2.80492
2.88813
2.89278
3.04285
2.85983
3.03093
2.89676
2.92694
2.91428
3.10253
2.9117
2.95872
2.87033
2.93113
2.99187
2.88608
2.81024
2.80194
2.78212
2.8007
3.35513
2.92221
3.05076
2.8096
2.91407
3.04419
2.91262
2.86908
2.83272
2.78187
2.86449
2.94385
2.93726
2.8904
2.82064
3.23859
2.94024
3.04327
2.7993
2.78586
2.78381
2.78548
2.78275
2.94145
2.92257
2.83893
2.79366
2.78456
2.91897
3.29265
2.95301
2.81584
2.83201
2.90382
2.95931
2.90198
2.85784
2.90194
2.82151
2.87736
3.09209
2.88945
2.89058
2.82668
3.2079
2.94829
2.92034
2.90369
2.85608
2.86217
2.89897
3.11011
2.87572
2.86408
2.82147
2.87039
2.92974
3.048
2.78996
3.17961
2.79761
2.915
2.94642
3.1544
2.85568
2.79778
2.78154
2.78933
2.98868
2.88502
2.86516
2.88858
2.84824
3.16126
3.06762
2.91312
2.83874
2.78095
2.79813
2.86547
2.97785
2.90981
3.08703
2.86177
2.95509
3.03365
3.11433
2.92902
3.13065
2.8717
2.88114
3.03577
2.80382
2.79476
2.80827
2.80943
2.86508
3.08726
2.9254
2.84144
2.79068
2.78408
2.91532
3.30691
2.87305
2.82043
2.83356
2.82714
3.12551
2.89837
2.87152
2.89067
2.85177
2.86476
3.16097
2.86227
2.88339
3.17796
2.87102
2.94141
3.08032
2.86524
2.87654
2.78616
2.78248
2.9579
3.00394
2.86139
2.83888
2.78158
2.83359
3.12457
3.26046
2.89208
2.79396
2.77907
2.81018
3.07509
2.86715
2.86517
2.88746
2.84387
2.87301
3.11419
2.88405
2.79336
3.07642
2.83718
3.07878
2.93326
2.79058
2.91458
2.83963
2.91836
3.09252
2.87103
2.87426
2.86252
2.81526
2.84059
3.03607
3.13858
2.93815
2.86022
2.92878
3.06704
2.88512
2.90345
2.81555
2.77494
2.78005
2.95621
2.89865
2.86448
2.81745
2.90357
3.21297
3.02155
2.79017
2.78222
2.85758
2.90039
2.78094
3.06866
2.92907
2.85932
2.84446
2.83897
2.94592
2.97604
3.07069
2.90723
2.86898
2.86121
3.00213
2.87889
2.81663
2.79278
2.78234
2.77862
3.17395
2.80401
2.79445
2.81026
2.80212
3.09377
3.09709
2.86329
2.88979
2.79472
2.8287
3.03821
2.88572
2.86264
2.79502
2.78016
2.79566
3.08381
2.88365
2.87526
3.17388
2.86071
2.91985
3.07595
2.868
2.87609
2.92359
2.82918
2.90212
3.0039
2.79359
2.78021
2.78247
2.8054
3.0796
3.11757
2.9194
2.86245
2.86572
2.867
3.01456
2.80654
2.90935
2.89036
2.86447
2.96724
3.06462
2.79766
2.8106
3.0726
3.0032
2.94231
2.99552
2.93662
2.86631
2.88149
2.8548
2.99835
2.92784
2.85105
2.89532
2.86447
2.83085
2.95989
3.00537
2.87392
2.88127
2.88227
2.8966
3.06945
2.84407
2.78037
2.77988
2.86265
2.93908
3.03265
2.86522
2.80752
2.97851
2.97787
3.06348
2.93622
2.8195
2.77716
2.77689
2.88494
3.0509
2.88997
2.86018
2.78881
2.77475
2.94319
3.09468
3.01351
2.87381
2.88172
2.78752
2.88501
2.89783
2.81444
2.85696
2.86918
2.84003
3.04127
2.89852
2.88031
2.89311
2.81071
2.99975
3.05898
2.87556
2.87253
2.83156
2.91727
2.90457
3.04816
2.86898
2.82891
2.78858
2.77296
2.80062
3.17864
2.96711
3.11639
2.86241
2.91713
3.07373
2.79934
2.90011
2.89891
2.86664
2.87632
3.01782
2.88752
2.83551
2.82923
2.85141
3.09283
3.094
2.90262
2.86422
2.85298
2.78335
3.08873
2.94459
2.85615
2.82111
2.85442
2.98633
3.22683
2.88021
2.82973
3.03208
2.91859
2.8833
3.1057
2.85619
2.79101
2.8836
2.89158
3.07517
2.88188
2.87813
2.89996
2.86441
2.90782
3.14973
2.84333
2.86415
2.85765
2.78943
2.82126
3.05006
2.87303
2.86209
2.86163
2.90567
2.86222
2.9671
2.88826
2.86868
3.03953
2.92405
3.10293
2.87058
2.91604
2.86555
2.84635
2.78475
3.09601
2.93086
2.8743
2.86205
3.01557
2.8936
2.96468
2.99035
2.97397
2.91289
2.97817
2.98591
2.87441
2.86581
2.85313
2.78667
2.8554
2.92071
2.92261
2.89602
2.86642
2.94532
2.86983
3.00395
2.79612
2.88486
2.86093
2.90179
2.90324
3.17337
2.86778
2.92605
2.86093
2.85458
3.06941
2.92008
3.03798
2.87824
2.86787
2.91711
3.07897
2.87707
2.86889
2.79372
2.83226
2.78579
3.0209
2.87698
2.86029
2.77986
2.77284
3.19249
2.98404
2.89871
2.78927
2.77994
2.77925
3.03773
2.93829
2.8942
2.85466
2.81165
2.86853
3.07783
2.86855
3.01453
2.87848
2.87156
2.83259
2.97884
2.82227
2.83418
2.94559
2.8611
2.99045
2.98548
2.87087
2.79535
2.78463
2.80828
3.14544
2.87214
2.86754
2.85481
2.78254
2.787
3.00617
2.82508
2.86146
2.85167
2.77803
2.77835
2.95087
2.87378
2.86882
3.05925
2.89481
2.9063
3.07774
2.87222
2.89834
2.88095
2.7967
2.82794
2.94552
2.9046
2.88276
2.85343
2.82552
3.05691
3.04902
2.87039
2.87159
2.88377
2.79042
3.14114
2.81613
2.77887
2.80441
2.93926
2.91905
3.08342
2.82091
2.83434
3.03678
2.87425
3.05156
2.89803
2.87783
2.86559
2.90182
2.92153
3.07387
2.88612
2.86264
2.82617
2.78591
2.76958
3.24278
3.12613
2.89925
3.02431
2.92121
2.97252
2.90355
3.46768
3.28172
2.93024
2.87466
2.99561
2.87178
2.86326
2.80925
2.95213
3.06716
2.91538
3.05399
2.87366
2.87095
2.80536
3.57261
3.04426
2.99985
2.88158
2.95008
3.2473
2.98656
3.14794
3.0891
3.06238
3.02545
3.13947
3.17416
3.09077
3.02937
3.12276
3.04641
3.30759
2.8735
2.88816
2.8716
3.11448
3.13961
2.87538
2.86612
2.86607
2.93244
3.00465
2.96497
2.87715
2.85939
2.85697
2.85811
2.99052
2.80482
2.84423
3.11145
2.92605
2.93639
2.98072
2.87694
2.8635
2.86212
2.90706
2.86403
3.02534
2.80135
2.85984
2.92504
2.9571
3.26045
2.9372
2.90836
2.81282
2.78171
2.79313
3.04561
2.89105
2.85882
2.78318
2.77462
2.94312
3.04008
2.79704
2.94841
3.02085
2.87394
2.86843
3.04377
2.84127
2.88564
2.81758
2.95111
3.10446
2.83815
2.8104
2.89787
2.8568
2.8388
3.0607
3.04619
2.9362
2.91896
2.87171
2.92848
3.09583
2.78953
2.79097
2.776
2.79263
2.94993
3.02551
3.0572
2.86773
2.91321
2.93323
3.06771
2.86445
2.85121
2.81452
2.78317
2.87689
3.06213
