0.172445
0.186121
0.283119
0.206632
0.197462
0.209982
0.273306
0.258235
0.246507
0.303276
0.295821
0.282919
0.230848
0.312579
0.305413
0.190015
0.164545
0.165324
0.165618
0.165699
0.174895
0.16508
0.164192
0.165711
0.165783
0.165486
0.171507
0.164876
0.16475
0.165351
0.165525
0.165955
0.178076
0.178736
0.165741
0.165381
0.164631
0.165408
0.171595
0.165918
0.165636
0.164653
0.16499
0.165145
0.170873
0.16531
0.1646
0.164922
0.163975
0.163998
0.17063
0.165045
0.16548
0.165117
0.165243
0.165032
0.170465
0.165062
0.165477
0.165173
0.165853
0.164533
0.170091
0.165712
0.164892
0.165045
0.165943
0.16486
0.170192
0.164623
0.165303
0.165355
0.164466
0.165614
0.171252
0.164568
0.164716
0.195237
0.165091
0.164943
0.170344
0.165448
0.165706
0.16458
0.165058
0.164768
0.170924
0.165482
0.165864
0.165525
0.16433
0.164824
0.170629
0.164883
0.169833
0.242188
0.251993
0.363966
0.356304
0.376543
0.306001
0.291863
0.278037
0.427165
0.252416
0.208389
0.176377
0.16601
0.165026
0.164712
0.165255
0.164466
0.17888
0.209863
0.165404
0.165607
0.165095
0.164149
0.170453
0.16602
0.16544
0.164618
0.165166
0.165142
0.180546
0.165683
0.164669
0.165002
0.165178
0.164596
0.171091
0.165912
0.165173
0.165409
0.16523
0.164458
0.17171
0.164986
0.165445
0.165191
0.165323
0.16633
0.170335
0.16485
0.164134
0.165228
0.164926
0.165225
0.169435
0.16543
0.170326
0.164481
0.165259
0.165527
0.173762
0.188769
0.176463
0.164593
0.164916
0.164639
0.171665
0.164943
0.165532
0.195132
0.165164
0.165294
0.170453
0.165858
0.164783
0.165454
0.165815
0.16491
0.169468
0.16472
0.179897
0.169857
0.169849
0.169857
0.175717
0.169742
0.182522
0.164642
0.165802
0.17665
0.239104
0.192095
0.176606
0.165827
0.225357
0.215118
0.171503
0.16743
0.169817
0.196261
0.175967
0.168184
0.182953
0.203821
0.232074
0.207308
0.260254
0.276188
0.181243
0.180749
0.171216
0.170338
0.178896
0.164995
0.165232
0.169695
0.165178
0.164716
0.181658
0.168937
0.170726
0.174852
0.169842
0.170594
0.170091
0.169805
0.169918
0.175261
0.170667
0.169966
0.170401
0.169411
0.170598
0.174767
0.170559
0.168996
0.170372
0.169925
0.169985
0.175594
0.170306
0.17034
0.170837
0.169927
0.169897
0.176357
0.170973
0.183933
0.165221
0.165566
0.170808
0.164124
0.169806
0.165227
0.164909
0.16444
0.171224
0.165513
0.164923
0.165006
0.166295
0.165003
0.171508
0.165335
0.165557
0.165629
0.165489
0.165556
0.169936
0.165088
0.16567
0.164665
0.196136
0.164793
0.179578
0.166273
0.165471
0.164324
0.165369
0.164764
0.172522
0.165417
0.165435
0.16471
0.16488
0.188426
0.232949
0.209179
0.19924
0.170477
0.197944
0.193508
0.171006
0.170092
0.170241
0.170409
0.226003
0.197852
0.170872
0.18773
0.175189
0.175716
0.182716
0.175643
0.185127
0.168966
0.169344
0.169659
0.175358
0.169296
0.184181
0.165249
0.165228
0.17045
0.165627
0.165499
0.169093
0.165229
0.165046
0.169824
0.164995
0.164611
0.165222
0.165145
0.164721
0.171197
0.164929
0.165089
0.164948
0.165295
0.165906
0.170802
0.166785
0.164426
0.166126
0.164604
0.164714
0.168659
0.166058
0.165261
0.165042
0.165894
0.166171
0.164984
0.17132
0.164813
0.184563
0.206626
0.174578
0.182064
0.176068
0.175061
0.175204
0.191191
0.170759
0.176304
0.170521
0.173681
0.180482
0.165052
0.175735
0.188288
0.165602
0.170382
0.164753
0.164614
0.179759
0.165438
0.165045
0.164457
0.165333
0.165488
0.170622
0.164957
0.165546
0.164659
0.186319
0.175362
0.181403
0.17576
0.189754
0.180973
0.185145
0.175972
0.244554
0.191294
0.185633
0.198414
0.174524
0.178884
0.170291
0.201429
0.182703
0.170687
0.178379
0.169896
0.170715
0.170116
0.171098
0.169643
0.174585
0.170451
0.170587
0.170001
0.169971
0.169905
0.175521
0.170358
0.183395
0.164661
0.164264
0.165057
0.169635
0.164664
0.19259
0.169588
0.170306
0.176193
0.176301
0.170233
0.169428
0.170369
0.170242
0.175763
0.169836
0.169957
0.170186
0.169497
0.170218
0.174564
0.170102
0.185445
0.164746
0.165153
0.165524
0.170325
0.165926
0.165343
0.178135
0.165049
0.16513
0.170952
0.164822
0.185272
0.2063
0.175373
0.181334
0.174633
0.209113
0.241446
0.264384
0.292053
0.173233
0.169886
0.170742
0.169761
0.174746
0.169479
0.169856
0.170597
0.169671
0.170523
0.17581
0.170677
0.174897
0.169179
0.179317
0.16535
0.171322
0.165422
0.170474
0.164674
0.164455
0.164921
0.191449
0.16541
0.17634
0.165573
0.16685
0.16465
0.186835
0.228595
0.243093
0.195851
0.175293
0.178152
0.208
0.180914
0.165335
0.165312
0.170419
0.165111
0.177352
0.175632
0.175018
0.175836
0.17973
0.175528
0.173441
0.175291
0.175148
0.180361
0.175313
0.175103
0.184306
0.169956
0.17053
0.174744
0.169819
0.170088
0.169961
0.169119
0.171224
0.175509
0.169377
0.170453
0.169681
0.169992
0.182829
0.174919
0.170143
0.170807
0.16971
0.170355
0.169246
0.175845
0.169196
0.169815
0.170106
0.168888
0.174995
0.170443
0.173714
0.17883
0.164958
0.165275
0.170718
0.164796
0.166006
0.165792
0.199783
0.166466
0.170172
0.173697
0.170081
0.165277
0.164805
0.165794
0.172019
0.16575
0.164856
0.16447
0.165132
0.165513
0.170812
0.165085
0.165078
0.184529
0.175427
0.17497
0.180797
0.182766
0.175394
0.187213
0.17028
0.175704
0.17032
0.170102
0.17045
0.169675
0.192096
0.177335
0.193253
0.232509
0.173294
0.197912
0.179171
0.170565
0.183493
0.175066
0.174617
0.175051
0.180246
0.1748
0.190597
0.165411
0.164673
0.165306
0.170959
0.1654
0.165118
0.165371
0.165578
0.164789
0.169531
0.165155
0.165773
0.179939
0.166311
0.16586
0.171491
0.165249
0.169002
0.164274
0.166108
0.165331
0.170306
0.165432
0.180437
0.169032
0.169821
0.170337
0.174744
0.169703
0.169306
0.169833
0.170214
0.175513
0.170283
0.170127
0.18764
0.195531
0.199736
0.184331
0.1746
0.185246
0.169572
0.170458
0.174665
0.16974
0.171051
0.200759
0.170193
0.16948
0.175881
0.170891
0.170966
0.170661
0.17024
0.170169
0.174413
0.170828
0.17366
0.183024
0.165245
0.166374
0.171125
0.165312
0.169783
0.16515
0.165412
0.165164
0.170756
0.165213
0.164812
0.166316
0.16474
0.164869
0.170492
0.165023
0.165132
0.166186
0.165556
0.165308
0.170647
0.165996
0.184971
0.16511
0.174331
0.16479
0.172689
0.178439
0.228305
0.283608
0.193049
0.165305
0.165351
0.209249
0.22026
0.184464
0.181579
0.174973
0.175461
0.174614
0.175508
0.179912
0.175191
0.174874
0.182477
0.170288
0.170883
0.239694
0.20706
0.261548
0.273453
0.238286
0.171097
0.169658
0.169874
0.170807
0.170247
0.175609
0.169877
0.182274
0.170348
0.170091
0.176787
0.169568
0.171204
0.169548
0.16971
0.17036
0.175101
0.170458
0.169137
0.169239
0.169921
0.169522
0.175224
0.16998
0.184566
0.174989
0.175342
0.173992
0.182848
0.175121
0.18471
0.20549
0.169974
0.17604
0.168891
0.169275
0.168865
0.178384
0.164881
0.169566
0.165316
0.165013
0.169831
0.182111
0.170567
0.1747
0.170897
0.174205
0.177651
0.165446
0.16543
0.170717
0.164741
0.170183
0.179198
0.169651
0.169831
0.175683
0.169784
0.173607
0.181836
0.165594
0.169483
0.187813
0.198766
0.261926
0.255958
0.183187
0.26167
0.211498
0.195007
0.178062
0.190535
0.17542
0.193449
0.180081
0.186279
0.176741
0.170211
0.169901
0.169734
0.169883
0.169958
0.215134
0.192094
0.170017
0.169921
0.169067
0.177291
0.169429
0.169412
0.187892
0.165156
0.164775
0.17264
0.164773
0.168767
0.164896
0.164818
0.165291
0.172395
0.165381
0.165658
0.165205
0.166046
0.164581
0.169936
0.165423
0.164634
0.16605
0.166051
0.165642
0.171272
0.165216
0.165571
0.185897
0.175279
0.175437
0.181292
0.175443
0.178858
0.178484
0.164744
0.165365
0.170988
0.164856
0.168819
0.164893
0.16513
0.165301
0.169893
0.16508
0.166224
0.195045
0.164872
0.164901
0.169473
0.1652
0.16494
0.165755
0.165886
0.165076
0.171164
0.165445
0.16559
0.165069
0.164517
0.164882
0.17067
0.16515
0.164304
0.164558
0.16566
0.184136
0.202792
0.166449
0.18262
0.174843
0.242543
0.252996
0.175069
0.225719
0.234418
0.213158
0.200077
0.188131
0.169782
0.170428
0.221177
0.183484
0.170485
0.170616
0.169604
0.168996
0.175941
0.170421
0.169966
0.170817
0.170422
0.171311
0.176495
0.169047
0.170379
0.170127
0.170322
0.170538
0.175325
0.170022
0.170041
0.16966
0.169417
0.170694
0.17632
0.17072
0.170918
0.170603
0.170654
0.170293
0.176239
0.168994
0.169892
0.170206
0.170188
0.174709
0.170649
0.170301
0.170735
0.169851
0.170636
0.173775
0.170329
0.170326
0.169612
0.170306
0.16994
0.17545
0.169116
0.173493
0.178281
0.164381
0.165586
0.170846
0.165222
0.182475
0.201235
0.170439
0.183299
0.175741
0.170647
0.170012
0.169646
0.170107
0.174958
0.170484
0.170181
0.170473
0.184721
0.215922
0.224043
0.230206
0.248634
0.170207
0.169799
0.177777
0.169452
0.170268
0.170069
0.169677
0.173534
0.170129
0.16987
0.235089
0.232298
0.257324
0.172945
0.170387
0.169095
0.170227
0.198787
0.177626
0.17069
0.170298
0.170574
0.169367
0.170576
0.176213
0.170942
0.169796
0.16916
0.169234
0.175528
0.170621
0.169856
0.170273
0.170149
0.170392
0.1752
0.170318
0.173649
0.17824
0.164811
0.164828
0.171231
0.164767
0.165549
0.16559
0.165568
0.166048
0.17106
0.165449
0.169656
0.165042
0.164779
0.164759
0.177851
0.16639
0.16472
0.165465
0.165223
0.165148
0.171162
0.16459
0.165129
0.164234
0.165399
0.164188
0.171882
0.165005
0.16511
0.163984
