0.136795
0.083635
0.077621
0.085105
0.077682
0.083086
0.076909
0.09148
0.07758
0.083185
0.077375
0.082549
0.076499
0.083048
0.077166
0.082453
0.077622
0.082837
0.077472
0.092729
0.077571
0.083313
0.077485
0.083503
0.077553
0.083522
0.086871
0.097913
0.093266
0.102992
0.123253
0.103759
0.10343
0.094068
0.103645
0.094827
0.102485
0.093917
0.102784
0.095161
0.110281
0.095213
0.084653
0.077286
0.08276
0.076627
0.082902
0.077649
0.082565
0.07739
0.083484
0.077902
0.092404
0.077646
0.083312
0.077654
0.083277
0.077206
0.08334
0.078348
0.083314
0.077006
0.083191
0.083887
0.089012
0.084771
0.078315
0.084077
0.078285
0.084323
0.082146
0.092279
0.086775
0.106487
0.087945
0.097892
0.109184
0.084462
0.077245
0.083089
0.077203
0.082928
0.077074
0.083557
0.077845
0.082801
0.077132
0.082746
0.084675
0.083799
0.07736
0.083188
0.077398
0.082788
0.083329
0.077047
0.083145
0.077349
0.083565
0.077484
0.089472
0.076942
0.082954
0.077392
0.082598
0.077574
0.083239
0.077353
0.083304
0.076974
0.082987
0.077259
0.089721
0.079917
0.083537
0.078077
0.083864
0.085713
0.083685
0.077657
0.083161
0.077489
0.082622
0.077619
0.082648
0.089231
0.077542
0.082876
0.077358
0.083264
0.094997
0.10537
0.096927
0.089511
0.083881
0.093837
0.172186
0.158271
0.146918
0.201199
0.157411
0.140418
0.131477
0.120232
0.09445
0.121776
0.131723
0.217682
0.173136
0.122565
0.101442
0.083755
0.077426
0.082915
0.077518
0.083
0.0831
0.07708
0.083075
0.077358
0.083379
0.127446
0.083816
0.077402
0.083416
0.07679
0.082346
0.07657
0.082852
0.07739
0.083385
0.07739
0.083134
0.087011
0.083199
0.099313
0.119005
0.096508
0.082806
0.077211
0.08279
0.077282
0.082469
0.077109
0.090178
0.07737
0.082566
0.083215
0.077592
0.0829
0.077009
0.083128
0.077401
0.082758
0.077144
0.083175
0.083441
0.083309
0.077101
0.08286
0.077577
0.082623
0.077438
0.082655
0.077515
0.083213
0.077199
0.083317
0.084274
0.096867
0.087484
0.091778
0.077948
0.083254
0.076953
0.082533
0.077543
0.082535
0.08234
0.07713
0.087046
0.094612
0.08404
0.077792
0.083348
0.077415
0.083276
0.077749
0.083092
0.076853
0.082994
0.077161
0.083194
0.087061
0.083141
0.077342
0.083385
0.07694
0.082607
0.076935
0.083112
0.077314
0.083255
0.077212
0.08387
0.081646
0.083164
0.077395
0.083197
0.082943
0.077583
0.083129
0.077567
0.082815
0.077433
0.083216
0.077022
0.083193
0.081188
0.0833
0.077885
0.082815
0.077375
0.083116
0.077454
0.0832
0.077603
0.083126
0.07747
0.082815
0.084582
0.083671
0.077295
0.08303
0.077537
0.083363
0.077537
0.113839
0.077854
0.08305
0.082722
0.077319
0.091762
0.077705
0.082941
0.077163
0.082782
0.077496
0.082697
0.077328
0.083254
0.077162
0.082673
0.077489
0.087645
0.077774
0.083192
0.077221
0.08321
0.077548
0.082816
0.077567
0.083531
0.077262
0.082956
0.077766
0.083019
0.083036
0.083134
0.07711
0.09358
0.097068
0.091888
0.098431
0.082916
0.090968
0.094625
0.096379
0.110782
0.085084
0.097489
0.103855
0.087251
0.097893
0.106226
0.452559
0.242243
0.339442
0.178851
0.134019
0.109069
0.106122
0.114736
0.330518
0.164208
0.116278
0.104297
0.094738
0.087613
0.093844
0.087158
0.093901
0.093213
0.100892
0.088006
0.081546
0.087446
0.102096
0.084022
0.077394
0.082853
0.076806
0.082843
0.076974
0.082824
0.077264
0.082863
0.076928
0.082454
0.083625
0.083746
0.077119
0.08286
0.077555
0.083311
0.077875
0.082927
0.077562
0.08314
0.077297
0.082587
0.084747
0.083463
0.083029
0.077029
0.083186
0.077378
0.082567
0.076992
0.083001
0.0779
0.083114
0.077321
0.083012
0.085758
0.083293
0.077672
0.08347
0.078689
0.083648
0.083639
0.08342
0.077381
0.082962
0.077606
0.083022
0.082603
0.083353
0.07709
0.082698
0.07745
0.082923
0.083074
0.077194
0.083297
0.077173
0.083018
0.077129
0.086336
0.077503
0.08267
0.076709
0.082921
0.077434
0.082761
0.077671
0.083224
0.077263
0.083097
0.077405
0.083133
0.085467
0.083361
0.077358
0.083199
0.07728
0.082984
0.077318
0.082993
0.076825
0.082667
0.077725
0.083255
0.091288
0.077114
0.083038
0.077263
0.082407
0.076888
0.082769
0.077245
0.082467
0.076888
0.082824
0.077549
0.086965
0.076827
0.082882
0.076989
0.08267
0.077246
0.082767
0.077397
0.083008
0.076773
0.082373
0.077408
0.083185
0.080319
0.082718
0.077223
0.08269
0.076902
0.082512
0.113871
0.077324
0.082619
0.076931
0.083099
0.077264
0.088631
0.077347
0.082797
0.07723
0.08257
0.077207
0.083066
0.077035
0.082555
0.077066
0.083298
0.077596
0.088269
0.077796
0.083069
0.077107
0.082881
0.077768
0.082841
0.077127
0.082814
0.07689
0.082895
0.077326
0.08283
0.085675
0.077475
0.082649
0.076829
0.082797
0.07713
0.082927
0.077325
0.083156
0.076763
0.095197
0.098699
0.112081
0.09117
0.089304
0.077323
0.083225
0.077496
0.08311
0.07754
0.11189
0.078461
0.083673
0.086313
0.083503
0.077865
0.083038
0.076967
0.082667
0.077436
0.082852
0.083144
0.077051
0.083423
0.077605
0.092997
0.077913
0.08335
0.077445
0.082519
0.077263
0.08317
0.077403
0.08289
0.077213
0.082982
0.076949
0.083039
0.098903
0.100681
0.078039
0.083488
0.077058
0.08315
0.077219
0.082929
0.076938
0.082685
0.077325
0.082853
0.084243
0.082809
0.083042
0.077621
0.082852
0.077076
0.083287
0.077373
0.083023
0.077148
0.082963
0.077011
0.086506
0.077727
0.083035
0.077186
0.082822
0.077353
0.082731
0.07722
0.083079
0.077548
0.082982
0.077439
0.086398
0.077426
0.083479
0.077265
0.082816
0.077403
0.08301
0.077342
0.082623
0.083532
0.077352
0.083153
0.077299
0.090712
0.077279
0.082721
0.077123
0.082471
0.077143
0.082927
0.077404
0.082692
0.07758
0.08329
0.076906
0.086651
0.076796
0.082779
0.077155
0.082633
0.077404
0.082997
0.07695
0.08253
0.077367
0.083306
0.076705
0.082681
0.081011
0.083213
0.082616
0.077299
0.083265
0.077309
0.08265
0.076961
0.08307
0.077434
0.082909
0.077201
0.086743
0.077766
0.082885
0.077112
0.082976
0.077115
0.082804
0.108391
0.082847
0.077557
0.082995
0.076903
0.088761
0.07795
0.083518
0.077358
0.082536
0.077335
0.083022
0.077442
0.082579
0.083217
0.077485
0.082439
0.083862
0.083791
0.077407
0.08267
0.076938
0.083065
0.077765
0.083149
0.077578
0.083325
0.077356
0.083085
0.077183
0.088852
0.077673
0.082882
0.077705
0.082985
0.076739
0.082643
0.076964
0.08269
0.077219
0.082427
0.076687
0.088212
0.07726
0.083155
0.082738
0.077229
0.082818
0.077041
0.082773
0.077157
0.083127
0.077459
0.082549
0.077138
0.089864
0.077987
0.082508
0.077683
0.08299
0.076932
0.082216
0.077098
0.082943
0.077489
0.082356
0.077553
0.090792
0.077309
0.082657
0.077746
0.083086
0.079777
0.102599
0.094435
0.098807
0.103462
0.096826
0.119305
0.100321
0.087392
0.076927
0.083454
0.077671
0.083064
0.077535
0.084172
0.106695
0.082981
0.083902
0.084115
0.0776
0.083361
0.078142
0.083734
0.077386
0.083495
0.090781
0.097915
0.094361
0.089826
0.08671
0.083916
0.077693
0.083168
0.077358
0.083135
0.083041
0.07749
0.083245
0.077711
0.083128
0.077448
0.093336
0.077852
0.083248
0.077816
0.082997
0.077887
0.083532
0.077402
0.082985
0.077765
0.083149
0.077283
0.083154
0.083181
0.083754
0.077503
0.083104
0.077951
0.083731
0.077611
0.082921
0.077976
0.083668
0.07776
0.082776
0.091008
0.07778
0.083314
0.076875
0.083041
0.077761
0.083497
0.077927
0.083173
0.077308
0.08372
0.077747
0.091248
0.078164
0.083569
0.077051
0.082818
0.076627
0.082661
0.077233
0.082854
0.077556
0.082829
0.076827
0.082701
0.083278
0.083337
0.07705
0.082847
0.077503
0.08294
0.082827
0.077467
0.082871
0.077413
0.082459
0.086409
0.101203
0.096982
0.097586
0.087666
0.100792
0.094369
0.096993
0.091699
0.104117
0.078284
0.091849
0.078529
0.083731
0.077911
0.083575
0.077179
0.082733
0.077862
0.083679
0.077719
0.083413
0.077806
0.083323
0.086318
0.083612
0.083532
0.077662
0.082908
0.076799
0.113844
0.077643
0.083016
0.077107
0.083139
0.077386
0.088899
0.078329
0.083568
0.077027
0.083501
0.077625
0.083397
0.078005
0.083184
0.077836
0.08364
0.077287
0.088502
0.077201
0.082661
0.076446
0.082507
0.076913
0.082574
0.077219
0.082731
0.083036
0.077017
0.08275
0.083725
0.083794
0.077139
0.082846
0.077314
0.082832
0.076748
0.083163
0.077307
0.082269
0.077431
0.083011
0.077431
0.091622
0.077192
0.082777
0.077327
0.082648
0.077574
0.082726
0.076967
0.082779
0.077479
0.082744
0.077519
0.089957
0.077364
0.082378
0.082937
0.076958
0.082939
0.07689
0.08261
0.076666
0.082691
0.077023
0.083132
0.07739
0.088612
0.08774
0.099085
0.084101
0.093613
0.078137
0.087516
0.078405
0.083178
0.077471
0.08341
0.086355
0.09398
0.095612
0.106021
0.078362
0.083433
0.077709
0.083236
0.077126
0.082764
0.082914
0.077734
0.092942
0.07735
0.083484
0.077004
0.082896
0.076884
0.08301
0.077169
0.082589
0.077479
0.082951
0.076978
0.089696
0.079639
0.083237
0.077463
0.08288
0.077525
0.082774
0.076581
0.082528
0.077649
0.082865
0.076933
0.082505
0.085113
0.083115
0.077079
0.0826
0.082746
0.076995
0.082881
0.077078
0.082824
0.077007
0.082861
0.077583
0.090349
0.077501
0.083243
0.077161
0.083171
0.076965
0.082937
0.077086
0.082675
0.077426
0.08325
0.077817
0.08857
0.077314
0.083095
0.0773
0.082938
0.077269
0.08286
0.076972
0.08291
0.077077
0.083125
0.082715
0.077119
0.090003
0.078062
0.082969
0.077239
0.083512
0.077617
0.082857
