0.046291
0.041935
0.041822
0.042694
0.043587
0.044837
0.04279
0.046647
0.055963
0.04256
0.041838
0.041669
0.041757
0.04137
0.041518
0.041689
0.041097
0.054352
0.042708
0.043368
0.0432
0.042482
0.043263
0.042813
0.043229
0.042849
0.043115
0.042884
0.042662
0.042779
0.042846
0.050065
0.043179
0.042683
0.042839
0.043242
0.042917
0.043311
0.042525
0.04336
0.043019
0.054845
0.041267
0.041624
0.041573
0.041783
0.04392
0.066582
0.081133
0.082492
0.082838
0.078688
0.043033
0.041894
0.041697
0.04214
0.041797
0.041182
0.042293
0.055121
0.048597
0.073606
0.073229
0.042935
0.042535
0.076838
0.06678
0.043022
0.04323
0.042839
0.058655
0.08214
0.056432
0.043086
0.04315
0.048993
0.042961
0.042627
0.043301
0.042883
0.043334
0.043167
0.043521
0.044112
0.044075
0.044896
0.044365
0.045421
0.043956
0.044698
0.060831
0.064481
0.042233
0.042054
0.042771
0.042114
0.045487
0.050207
0.052774
0.063588
0.059987
0.062358
0.058635
0.043484
0.042675
0.041891
0.0419
0.042027
0.041748
0.042161
0.042195
0.041855
0.058045
0.068228
0.066409
0.050074
0.050669
0.067437
0.057714
0.058401
0.067239
0.069142
0.061049
0.073152
0.073628
0.077807
0.083699
0.124526
0.069125
0.073385
0.073591
0.072831
0.062871
0.066691
0.067312
0.069999
0.065717
0.065213
0.06713
0.059965
0.06088
0.071694
0.062105
0.062341
0.050596
0.041942
0.042553
0.041547
0.058061
0.052074
0.065523
0.048914
0.041617
0.041548
0.041561
0.042598
0.042028
0.041564
0.04118
0.041646
0.041433
0.051397
0.042169
0.042532
0.041305
0.041763
0.04175
0.041885
0.041965
0.045972
0.041713
0.043624
0.049657
0.04225
0.042261
0.042016
0.041834
0.041931
0.042136
0.041752
0.04169
0.042248
0.041375
0.041769
0.041938
0.05484
0.056334
0.059335
0.062389
0.065838
0.063686
0.066792
0.064467
0.072873
0.067093
0.077198
0.075611
0.070427
0.074716
0.073545
0.053971
0.041376
0.042348
0.042216
0.052061
0.041989
0.041469
0.041821
0.041903
0.042008
0.041487
0.041369
0.041762
0.041447
0.041727
0.041444
0.041735
0.041461
0.04176
0.042008
0.041684
0.041292
0.041871
0.051074
0.041645
0.041759
0.041123
0.041637
0.055658
0.055469
0.052833
0.042217
0.041983
0.041685
0.04163
0.041754
0.041425
0.04207
0.041871
0.041921
0.041921
0.041568
0.041908
0.041759
0.041925
0.051828
0.041701
0.041629
0.04166
0.042227
0.042092
0.042018
0.041429
0.041964
0.041243
0.041649
0.041645
0.041712
0.041485
0.041741
0.041727
0.042062
0.041523
0.04142
0.041545
0.041575
0.042098
0.041522
0.041591
0.047527
0.040988
0.042217
0.041773
0.04184
0.041675
0.041181
0.041271
0.041806
0.04175
0.041242
0.041503
0.041851
0.041252
0.041218
0.041501
0.04131
0.041707
0.041814
0.041515
0.041373
0.041471
0.041666
0.041803
0.049156
0.041409
0.041708
0.041712
0.041493
0.04146
0.041414
0.041649
0.041706
0.041157
0.041778
0.04167
0.042044
0.041488
0.041411
0.041646
0.041822
0.041379
0.0417
0.041566
0.041805
0.041669
0.041631
0.041344
0.048587
0.041773
0.041595
0.041459
0.041844
0.041569
0.04166
0.041315
0.041707
0.041662
0.041417
0.041777
0.041769
0.041836
0.04168
0.041793
0.041638
0.041446
0.041671
0.041009
0.041703
0.041575
0.041617
0.041567
0.047763
0.041454
0.04168
0.041655
0.041594
0.049273
0.041323
0.046711
0.041465
0.041682
0.041932
0.041688
0.041527
0.041706
0.048487
0.04147
0.041536
0.041888
0.042296
0.041597
0.042054
0.041445
0.041554
0.047777
0.041246
0.041771
0.041377
0.041492
0.04167
0.041407
0.0419
0.04149
0.055172
0.042716
0.042441
0.042598
0.042484
0.042552
0.042722
0.042666
0.042696
0.043046
0.043006
0.042623
0.043226
0.042733
0.047944
0.042729
0.042492
0.042956
0.042595
0.042828
0.043265
0.04299
0.042548
0.043335
0.04253
0.042765
0.042751
0.043082
0.042483
0.043059
0.042685
0.042956
0.042784
0.042604
0.043083
0.042841
0.042813
0.047719
0.042
0.042841
0.042957
0.043357
0.04273
0.043094
0.042566
0.042666
0.054303
0.041521
0.041383
0.041767
0.041832
0.041793
0.04133
0.041766
0.041608
0.041866
0.041743
0.041805
0.041367
0.041859
0.041402
0.046921
0.041144
0.041289
0.042091
0.041664
0.041608
0.042111
0.041746
0.0418
0.041805
0.041862
0.041666
0.041831
0.042058
0.041168
0.041826
0.041776
0.041704
0.041493
0.041865
0.041566
0.041413
0.042033
0.047124
0.041631
0.04175
0.041246
0.041026
0.04178
0.04184
0.041627
0.042034
0.041876
0.041268
0.041454
0.041827
0.072386
0.041719
0.041748
0.041674
0.041345
0.05247
0.066496
0.047176
0.059536
0.069447
0.057607
0.059169
0.06532
0.066891
0.063618
0.06174
0.06003
0.064859
0.067266
0.076911
0.077576
0.087181
0.087787
0.120121
0.069053
0.064734
0.053961
0.045552
0.045927
0.046131
0.04666
0.044695
0.045481
0.046842
0.04896
0.047499
0.045322
0.045994
0.049429
0.056624
0.077139
0.070533
0.055517
0.077073
0.082281
0.089571
0.125094
0.09687
0.059429
0.052053
0.050341
0.06546
0.048307
0.0788
0.064568
0.077078
0.080619
0.068405
0.089158
0.092329
0.078008
0.076652
0.069804
0.083984
0.084738
0.083555
0.061688
0.071053
0.087348
0.057401
0.043761
0.044214
0.043827
0.044401
0.043461
0.044059
0.04411
0.044241
0.044219
0.043918
0.044072
0.044361
0.043926
0.044278
0.0445
0.044056
0.044162
0.044226
0.04419
0.052402
0.04397
0.043656
0.043571
0.043996
0.075322
0.044259
0.044374
0.044055
0.043879
0.044307
0.044539
0.044244
0.044236
0.04427
0.043679
0.044442
0.044165
0.044627
0.044328
0.043627
0.043791
0.049746
0.044201
0.043913
0.04405
0.043692
0.044124
0.044219
0.044305
0.043981
0.044085
0.043508
0.044013
0.043595
0.044018
0.044283
0.043913
0.044244
0.043801
0.044258
0.044054
0.044123
0.043875
0.048485
0.043797
0.044134
0.044069
0.043856
0.044487
0.044746
0.044015
0.044419
0.044565
0.044113
0.043995
0.055847
0.041361
0.041691
0.041778
0.041723
0.041459
0.041523
0.042262
0.041896
0.041662
0.04151
0.046161
0.041427
0.0417
0.041395
0.041538
0.041089
0.041822
0.041719
0.041181
0.041613
0.041247
0.041509
0.041668
0.041583
0.041613
0.041754
0.041798
0.041253
0.041626
0.041381
0.041722
0.04135
0.050296
0.046418
0.04756
0.0414
0.041838
0.041391
0.041405
0.041642
0.041689
0.041845
0.041687
0.041863
0.041556
0.041448
0.04172
0.041605
0.041339
0.041731
0.041513
0.041485
0.041429
0.041761
0.04139
0.041491
0.041508
0.045719
0.042526
0.041497
0.041381
0.041794
0.041608
0.041554
0.041946
0.041654
0.0414
0.041619
0.041672
0.041648
0.041414
0.041284
0.04146
0.041449
0.041743
0.041627
0.0416
0.041637
0.041625
0.041411
0.041641
0.047098
0.041568
0.041409
0.041901
0.041634
0.041602
0.041837
0.042025
0.041655
0.041891
0.041769
0.040902
0.041468
0.041668
0.041597
0.041608
0.041757
0.041474
0.041575
0.041795
0.041273
0.041861
0.041367
0.041639
0.045711
0.041929
0.041967
0.04138
0.041656
0.041802
0.04171
0.041311
0.042068
0.041412
0.041642
0.04167
0.041449
0.041427
0.041251
0.041938
0.041509
0.041861
0.041734
0.041713
0.04109
0.041049
0.041995
0.04161
0.045376
0.041752
0.04152
0.041644
0.041804
0.042333
0.041872
0.042074
0.041613
0.041581
0.041535
0.041877
0.041547
0.072441
0.046453
0.041385
0.041874
0.042169
0.04172
0.041395
0.041901
0.041635
0.041719
0.047236
0.041886
0.041708
0.041428
0.041439
0.041362
0.041321
0.041357
0.041817
0.041333
0.041721
0.041352
0.041654
0.041571
0.041357
0.041682
0.041462
0.041543
0.041619
0.041741
0.041663
0.04192
0.041702
0.041417
0.047369
0.041463
0.041225
0.04185
0.041748
0.041328
0.041675
0.041731
0.045768
0.041577
0.041602
0.041445
0.041251
0.041646
0.04129
0.041113
0.041363
0.041077
0.041051
0.041839
0.041664
0.041543
0.041358
0.041719
0.045958
0.041593
0.041861
0.041562
0.04152
0.041588
0.041875
0.041411
0.041465
0.041493
0.041556
0.059888
0.072053
0.046777
0.049586
0.041663
0.055861
0.041774
0.041667
0.041888
0.046512
0.041937
0.048441
0.041552
0.041458
0.041434
0.04109
0.041276
0.0421
0.046864
0.055765
0.049784
0.063959
0.056119
0.062703
0.049745
0.05896
0.041252
0.041718
0.04122
0.04135
0.041584
0.041724
0.049247
0.041741
0.041809
0.041496
0.041889
0.041619
0.041642
0.041888
0.041736
0.041555
0.041368
0.041692
0.041856
0.041538
0.041621
0.041678
0.041404
0.041533
0.041964
0.041534
0.041396
0.041615
0.041264
0.041782
0.046484
0.041715
0.041911
0.041445
0.041644
0.041491
0.041965
0.042007
0.051191
0.041603
0.042145
0.041915
0.041211
0.041874
0.041847
0.041511
0.041675
0.04145
0.041811
0.041832
0.041303
0.041944
0.041378
0.04759
0.041054
0.041512
0.041543
0.041573
0.041499
0.041702
0.041373
0.041347
0.041396
0.041611
0.041082
0.04204
0.041232
0.041312
0.041429
0.041782
0.04149
0.041404
0.041565
0.041152
0.041075
0.041959
0.041548
0.046103
0.041598
0.041641
0.041639
0.04173
0.041541
0.041993
0.041931
0.042003
0.041631
0.041824
0.04147
0.041855
0.04172
0.041409
0.041804
0.041408
0.041511
0.041418
0.041763
0.04131
0.041643
0.041392
0.041187
0.047263
0.041588
0.041966
0.041264
0.041895
0.041355
0.041474
0.042035
0.041399
0.041481
0.041555
0.041338
0.041571
0.041776
0.05572
0.042602
0.043086
0.043016
0.042823
0.042976
0.042682
0.042772
0.042396
0.048221
0.042976
0.042742
0.042475
0.042872
0.042895
0.04287
0.042396
0.042817
0.042491
0.042476
0.04286
0.042804
0.042169
0.054771
0.041862
0.041613
0.041399
0.041632
0.04173
0.041507
0.041428
0.041544
