0.710455
0.702291
0.978466
0.801883
0.743302
0.7376
0.731832
0.778171
1.02524
0.964183
1.20431
1.0301
0.753822
0.765961
0.773557
0.701524
0.711834
0.714876
0.719939
0.740687
0.706117
0.701578
0.720042
0.726558
0.695645
0.696117
0.704717
0.696662
0.695877
0.920176
1.04087
0.959824
1.18578
1.45883
0.877582
0.792796
0.799681
0.771679
0.728237
0.729529
0.70806
0.671752
0.6977
0.679356
0.74732
0.691819
0.686546
0.680261
0.702648
0.817714
1.00993
1.34993
1.06273
0.697074
0.68931
0.687728
0.732394
0.68406
0.681784
0.697909
0.696453
0.696524
0.74116
0.713666
0.743952
0.718484
0.698804
0.706768
0.730917
0.69434
0.762335
1.07242
1.12198
1.06561
0.713381
0.690408
0.71452
0.745236
0.705133
0.698003
0.72538
0.73453
0.730614
0.732085
0.727051
0.73196
0.811618
0.721378
0.705128
1.1643
1.38357
1.31602
1.09433
1.10269
1.09015
1.08381
1.01383
0.759343
1.01995
1.41731
0.791219
0.76221
0.929489
0.727782
0.899126
0.863312
0.750519
0.728274
0.886922
1.12814
1.04349
0.977
0.856661
0.853896
0.778038
0.713714
0.702319
0.729557
0.797611
0.722556
0.731963
1.32994
1.38705
1.39725
0.928958
0.715969
0.969179
0.800657
0.90051
0.826536
0.853565
0.842764
0.847306
0.735153
0.720226
0.711849
0.772065
0.908998
0.932215
0.737558
0.72155
0.732046
0.736907
0.848391
0.723155
0.709538
0.770315
0.830921
0.985247
1.21593
1.2395
1.28265
1.36232
1.22257
0.808141
0.725917
0.734071
0.891902
0.793395
0.881962
0.729163
0.732842
0.731593
0.739386
0.902162
0.98824
0.716933
0.859817
0.949889
0.970087
0.893819
0.834564
0.749983
0.723361
0.733141
0.797508
0.845425
0.72777
0.733013
0.755252
0.781916
0.818247
0.723725
0.762722
0.733034
0.876652
1.02439
1.11025
1.06567
0.954908
0.819144
0.739033
0.734761
0.755584
0.760494
0.775842
0.732489
0.733695
0.734191
0.721401
0.749469
0.955012
0.954817
0.921136
0.922613
0.987909
0.832803
0.899753
1.02607
0.919338
0.767272
0.75504
0.74229
0.724186
0.729735
0.79397
0.725442
0.717138
0.727083
0.719972
0.719988
0.713793
0.698193
0.695657
0.691072
0.696183
0.813018
0.934109
0.979975
1.1481
1.14302
0.80934
0.687442
0.676605
0.778178
0.677781
0.672228
0.680165
0.678348
0.677012
0.858264
0.917313
0.708742
0.705296
0.701123
0.74287
0.682241
0.875795
0.873616
1.07501
0.939801
0.851868
0.768416
0.73196
0.740195
0.776897
0.737583
0.698705
0.694709
0.755665
0.705603
0.703432
0.69644
0.719654
0.719537
0.70718
0.696104
0.700354
0.69097
0.850818
1.0883
1.12101
0.916549
0.71926
0.725928
0.730378
0.719925
0.837517
0.7081
0.705519
0.699852
0.72115
0.716508
0.713047
0.73095
0.72966
0.700666
0.717921
0.720722
0.694506
0.784731
1.08537
1.10385
0.92337
0.824843
0.963273
0.742782
0.731316
0.731323
0.715999
0.769913
0.703807
0.700984
0.690753
0.697485
0.698171
0.79914
0.719937
0.717523
0.723127
0.707002
0.751201
1.00565
1.03899
0.967658
0.761706
0.812561
0.746748
0.731493
0.731002
0.782232
0.692389
0.700998
0.698065
0.693712
0.711064
0.712988
0.715017
0.708467
0.695614
0.709071
0.691136
0.69406
0.733596
0.778795
1.04632
1.10605
0.825491
0.759717
0.730861
0.713027
0.708823
0.695534
0.759149
0.718966
0.727352
0.726846
0.701427
0.696315
0.688364
0.735084
0.961013
0.736448
0.719979
0.748352
0.953696
1.02021
1.07137
0.739833
0.76767
0.721794
0.711523
0.708602
0.788328
0.709248
0.76805
0.704078
0.703826
0.693295
0.699789
0.748542
0.729015
0.728618
0.696853
0.696085
0.695034
0.695621
0.810052
0.988282
1.10631
0.793195
0.765137
0.741351
0.713103
0.737025
0.718045
0.787741
0.722967
0.721316
0.715191
0.681348
0.708993
0.691752
0.694428
0.692169
0.692688
0.694638
0.695734
0.691257
0.90958
1.11743
1.00517
0.744307
0.813511
0.718982
0.740895
0.91643
0.805865
0.709084
0.710623
0.7198
0.729561
0.703539
0.698497
0.706626
0.714169
0.731736
0.725994
0.723459
0.72393
0.819286
0.853587
0.848425
1.04519
0.829081
0.807914
0.708141
0.741941
0.698328
0.849744
0.701457
0.694926
0.699822
0.697562
0.694209
0.707205
0.709818
0.789814
0.705492
0.709295
0.721018
0.707971
0.781006
1.0948
0.987522
0.795224
0.811758
0.73794
0.709158
0.72298
0.812531
0.698405
0.694607
0.700795
0.700979
0.699283
0.714715
0.718711
0.715858
0.711349
0.723313
0.678651
0.85957
0.789334
0.748729
0.877232
0.894881
0.844134
0.782966
0.762747
0.71779
0.713875
0.758669
0.754187
0.726237
0.720578
0.700904
0.716563
0.701697
0.704443
0.693179
0.698583
0.700401
0.693075
0.697546
0.701365
0.718207
0.717922
0.801467
0.85454
0.873119
0.76964
0.765664
0.756964
0.734526
0.730907
0.717466
0.782953
0.72067
0.712106
0.727499
0.681169
0.710223
0.691851
0.698306
0.697712
0.689586
0.696137
0.693827
0.72944
0.821011
0.920121
0.82607
0.76124
0.769607
0.737239
0.734173
0.728908
0.727017
0.8937
0.901086
0.731724
0.7285
0.727029
0.714861
0.70779
0.709588
0.695801
0.695786
0.69423
0.732839
0.770221
0.782979
1.03229
0.990452
0.871218
0.836008
0.711361
0.729475
0.72966
0.777465
0.716504
0.70771
0.704415
0.699405
0.716616
0.721538
0.74378
0.71571
0.720517
0.71835
0.701101
0.697995
0.85332
0.940901
1.07997
0.744109
0.771955
0.715893
0.72822
0.730717
0.730459
0.747502
0.700413
0.698209
0.693211
0.700281
0.702469
0.691886
0.709873
0.699431
0.703326
0.693959
0.706912
0.700162
0.716397
1.03948
1.11122
1.03862
0.86304
0.773105
0.699798
0.738641
0.72086
0.894389
0.703041
0.700379
0.718665
0.729352
0.697931
0.699575
0.689746
0.694542
0.699934
0.691227
0.697928
0.702702
1.03456
1.1026
0.803312
0.749152
0.76208
0.716848
0.743551
0.720853
0.7629
0.702606
0.700451
0.691519
0.697614
0.695154
0.690249
0.695506
0.701658
0.720428
0.726193
0.709739
0.70727
0.730861
0.932636
1.08724
1.08885
0.860586
0.780179
0.694293
0.728972
0.730962
0.801323
0.716309
0.72819
0.732903
0.798442
0.776133
0.722028
0.729811
0.729377
0.716578
0.708105
0.700292
0.696138
0.846767
0.85076
0.888282
0.874993
0.78082
0.824471
0.760899
0.701318
0.705371
0.78703
0.701125
0.792033
0.772702
0.708523
0.729577
0.722561
0.720347
0.718625
0.712562
0.729292
0.674651
0.70449
0.914701
1.10094
0.97544
0.807229
0.79939
0.723384
0.708515
0.718654
0.806184
0.716518
0.720835
0.727902
0.728479
0.726477
0.711809
0.71798
0.74571
0.709049
0.70485
0.705742
0.700139
0.717734
0.871781
1.02693
0.966207
0.932614
0.845163
0.720764
0.713215
0.726146
0.81291
0.700462
0.694337
0.704317
0.697238
0.690411
0.714827
0.732076
0.7666
0.781198
0.727862
0.732234
0.702642
0.836511
0.823822
0.928563
0.804407
0.762374
0.766182
0.711791
0.707378
0.706295
0.73707
0.770246
0.792442
0.725349
0.71582
0.726401
0.677325
0.753036
0.698252
0.700429
0.702918
0.696741
0.695018
0.710356
0.947354
0.913319
1.00152
0.778878
0.760884
0.768267
0.722245
0.701427
0.710005
0.793732
0.707436
0.699086
0.721171
0.721109
0.710423
0.893078
0.785791
0.706725
0.738896
0.718726
0.726652
0.861871
1.01997
1.13547
0.770284
0.757915
0.738124
0.712644
0.710482
0.696522
0.834982
0.690888
0.750771
0.717706
0.729106
0.758103
1.33345
1.40102
1.26608
1.23523
1.14707
1.15524
1.30945
1.29607
1.33455
1.28901
1.31872
1.31996
1.20668
1.18046
1.33436
1.27779
1.28457
0.862883
1.08318
0.856109
0.745656
0.828215
0.902432
0.729627
0.725187
0.792888
0.726413
0.723241
0.71237
0.731575
0.676241
0.715053
0.710524
0.716024
0.699518
0.692443
0.717263
0.720676
0.711372
0.914819
1.07617
0.831574
0.748663
0.814351
0.734459
0.724314
0.7441
0.770769
0.723944
0.720346
0.720359
0.717075
0.708303
0.707275
0.696036
0.694756
0.722432
0.705674
0.703385
0.719333
0.72842
0.739154
0.885601
1.0301
0.778004
0.760024
0.757313
0.766798
0.730994
0.729645
0.799714
0.72126
0.714497
0.725814
0.677438
0.678562
0.695554
0.743437
0.726448
0.878308
0.741704
0.743237
0.690735
1.05383
0.955398
0.960852
0.756938
0.760255
0.722871
0.735576
0.716791
0.761141
0.700441
0.699131
0.713335
0.717228
0.720296
0.70051
0.710052
0.718981
0.719056
0.709998
0.677222
0.676048
0.707481
0.842224
0.952273
0.930291
0.78279
0.897889
0.760152
0.704373
0.725176
0.790134
0.714822
0.699476
0.700878
0.700835
0.690211
0.695972
0.725794
0.701394
0.725641
0.732196
0.726047
0.713715
0.701968
0.870961
0.917813
0.863451
0.742717
0.794396
0.737736
0.726081
0.699891
0.834939
0.822141
0.771137
0.699935
0.706935
0.698819
0.697962
0.711265
0.739086
0.74118
0.718276
0.732978
0.681013
0.714939
0.872339
0.783748
0.864421
0.972099
0.84777
0.757387
0.700877
0.710217
0.771482
0.735117
0.713145
0.722593
0.719327
0.710682
0.72218
0.676225
0.729171
0.69408
0.700618
0.696534
0.693368
0.697059
0.811732
0.896806
0.910153
0.776601
0.77144
0.829483
0.73655
0.727573
0.698497
0.78209
0.720957
0.711054
0.722241
0.677952
0.712744
0.689807
0.696263
0.695071
0.712014
0.70308
0.702744
0.801223
0.813505
0.843506
1.02517
0.893045
0.72411
0.848246
0.742443
0.727031
0.712738
0.71233
0.693429
0.760921
0.702689
0.730607
0.713294
0.720113
0.731738
0.722146
0.683909
0.681465
0.707005
0.717649
0.754453
0.747478
0.748057
0.750174
0.875506
0.767021
0.781066
0.774759
0.757946
0.689805
0.689187
0.707562
0.762622
0.712218
0.701256
0.723901
0.70477
0.736277
0.717138
0.734171
0.676444
