0.1063
0.03567
0.035666
0.035942
0.035756
0.035765
0.035539
0.035914
0.035874
0.044039
0.03589
0.03596
0.036244
0.035949
0.03649
0.036062
0.035979
0.036243
0.036495
0.036075
0.035993
0.035822
0.036112
0.036193
0.036153
0.036124
0.036125
0.036114
0.036052
0.036181
0.035956
0.036252
0.036012
0.036108
0.036242
0.036289
0.041174
0.036292
0.036244
0.036255
0.036442
0.036141
0.036165
0.036001
0.036117
0.036239
0.035909
0.036086
0.036128
0.035997
0.035964
0.036177
0.036039
0.036048
0.035913
0.036197
0.035989
0.036292
0.036002
0.036058
0.036308
0.035948
0.036457
0.045514
0.049039
0.047779
0.048738
0.049135
0.04905
0.04936
0.049235
0.049409
0.048915
0.048881
0.049024
0.048596
0.048777
0.049117
0.049317
0.049398
0.049029
0.049425
0.047793
0.049781
0.051481
0.046302
0.039038
0.036159
0.035985
0.036061
0.036219
0.036197
0.036313
0.036006
0.036045
0.035955
0.036219
0.036316
0.036291
0.035951
0.036138
0.036161
0.035984
0.036115
0.036145
0.036194
0.036143
0.036155
0.036345
0.036313
0.035897
0.046604
0.036171
0.036171
0.036292
0.036136
0.036345
0.036407
0.036138
0.036868
0.036933
0.038151
0.042334
0.039703
0.05437
0.063713
0.053136
0.046447
0.045084
0.038633
0.047823
0.036263
0.036544
0.035948
0.03604
0.050452
0.036502
0.036331
0.036176
0.036047
0.03616
0.036128
0.036532
0.036166
0.03575
0.036222
0.036084
0.036172
0.035995
0.036202
0.036103
0.036255
0.036329
0.036004
0.035994
0.036296
0.036135
0.036261
0.036322
0.036062
0.036252
0.036132
0.039412
0.035981
0.036212
0.036081
0.035967
0.036208
0.036035
0.036196
0.036245
0.036274
0.036175
0.036217
0.03618
0.036168
0.036023
0.036263
0.036124
0.036217
0.036225
0.036453
0.036344
0.036118
0.036152
0.036237
0.036184
0.036155
0.036189
0.03616
0.053884
0.036301
0.036236
0.036036
0.036108
0.036141
0.036087
0.036566
0.036184
0.036148
0.036151
0.036314
0.03615
0.036681
0.036193
0.03617
0.036072
0.036346
0.036047
0.03594
0.036151
0.035982
0.036267
0.036169
0.079551
0.036098
0.039784
0.036163
0.036331
0.036019
0.036213
0.036395
0.036132
0.036013
0.036117
0.036176
0.036242
0.03625
0.036159
0.036205
0.03613
0.036036
0.036039
0.036058
0.036108
0.03612
0.039438
0.048869
0.049764
0.042115
0.045722
0.055195
0.042376
0.043943
0.044011
0.047473
0.045679
0.044188
0.046676
0.054028
0.06814
0.078572
0.095685
0.089555
0.080208
0.052319
0.052067
0.054037
0.08284
0.050861
0.05095
0.057187
0.043888
0.040414
0.043128
0.049742
0.047802
0.043734
0.037168
0.04032
0.04751
0.040145
0.044642
0.036175
0.04181
0.035816
0.049457
0.068971
0.057571
0.1161
0.068319
0.053088
0.049447
0.043152
0.044451
0.049229
0.038503
0.036276
0.036128
0.036081
0.036101
0.036165
0.036106
0.036314
0.036243
0.036432
0.036069
0.036255
0.036376
0.035942
0.036222
0.036046
0.045974
0.036149
0.036212
0.036413
0.035852
0.036143
0.03625
0.036158
0.035874
0.036173
0.036258
0.035982
0.036181
0.035977
0.035934
0.036012
0.036254
0.036169
0.036192
0.036069
0.036216
0.035979
0.036126
0.03591
0.035972
0.036094
0.035993
0.041433
0.037384
0.036143
0.036387
0.03633
0.036342
0.036158
0.036186
0.03594
0.036217
0.036022
0.036215
0.036206
0.036202
0.035961
0.036362
0.036056
0.035865
0.035898
0.035941
0.036261
0.036233
0.036151
0.03628
0.036259
0.036347
0.036105
0.036264
0.041525
0.036215
0.036252
0.035926
0.036383
0.036368
0.0361
0.036285
0.036053
0.036196
0.036366
0.03608
0.036262
0.036002
0.036145
0.035934
0.036004
0.036105
0.036193
0.036056
0.036086
0.035987
0.036025
0.036223
0.036219
0.036222
0.036344
0.042721
0.036189
0.036122
0.036285
0.036148
0.036311
0.036185
0.036091
0.035865
0.036276
0.036191
0.043077
0.043749
0.044939
0.044112
0.036149
0.037741
0.044327
0.042585
0.043579
0.036213
0.03629
0.036257
0.035913
0.036088
0.035954
0.045657
0.03602
0.036159
0.036081
0.036367
0.036085
0.036145
0.036202
0.036256
0.035994
0.036196
0.036256
0.036143
0.036161
0.0361
0.036222
0.036098
0.036023
0.03613
0.03595
0.036316
0.03631
0.036257
0.036173
0.036558
0.036122
0.036133
0.039808
0.036169
0.03627
0.036123
0.036397
0.03604
0.036035
0.036497
0.036178
0.036341
0.036022
0.036258
0.036223
0.036031
0.036119
0.035857
0.036114
0.036
0.035959
0.036013
0.036249
0.036241
0.036296
0.039287
0.0447
0.045197
0.036324
0.040635
0.036193
0.036242
0.036349
0.036185
0.03622
0.036031
0.036052
0.036168
0.036267
0.036147
0.03625
0.036177
0.036181
0.036251
0.036219
0.03613
0.036209
0.035946
0.035894
0.036157
0.036173
0.036253
0.036044
0.036204
0.036278
0.036256
0.036281
0.039045
0.036338
0.035875
0.035929
0.036157
0.036192
0.036282
0.03614
0.035879
0.036059
0.036146
0.036287
0.036174
0.035931
0.035996
0.036162
0.036157
0.035916
0.036348
0.036144
0.036152
0.036241
0.036265
0.036433
0.036267
0.036374
0.03614
0.042471
0.036367
0.03632
0.036044
0.036148
0.035958
0.035986
0.036342
0.036143
0.036197
0.036079
0.036116
0.036154
0.036022
0.036023
0.036014
0.036137
0.036054
0.03613
0.035949
0.036022
0.036036
0.036107
0.035982
0.036003
0.036253
0.036205
0.036091
0.042411
0.036341
0.036128
0.036291
0.03611
0.036121
0.036226
0.036043
0.036174
0.035998
0.036241
0.036087
0.036116
0.03592
0.035967
0.066709
0.036081
0.036299
0.036192
0.036169
0.036191
0.036088
0.03586
0.036291
0.036252
0.036181
0.042074
0.036086
0.036059
0.036067
0.036052
0.03615
0.036123
0.035958
0.036219
0.03615
0.036073
0.036193
0.036176
0.036177
0.036036
0.036407
0.036061
0.035842
0.036366
0.036115
0.035952
0.036126
0.036094
0.036323
0.035794
0.036014
0.035996
0.036096
0.040451
0.036177
0.036121
0.03592
0.036404
0.036359
0.03612
0.036009
0.036048
0.036145
0.036324
0.036033
0.036101
0.036006
0.035942
0.03603
0.03627
0.036094
0.036194
0.035948
0.036218
0.036091
0.036269
0.036364
0.036435
0.036121
0.036306
0.040831
0.036154
0.0362
0.036089
0.036162
0.036385
0.036043
0.035994
0.035963
0.036169
0.035897
0.036239
0.036083
0.036049
0.036248
0.036092
0.036148
0.036192
0.036202
0.036136
0.036131
0.03591
0.036235
0.036197
0.036199
0.03642
0.036226
0.035999
0.041156
0.036225
0.035952
0.036072
0.036036
0.036164
0.036098
0.03615
0.036128
0.036317
0.03615
0.040666
0.047714
0.0489
0.047463
0.03575
0.041511
0.045986
0.035733
0.035649
0.040911
0.035873
0.035881
0.040784
0.040537
0.045282
0.040158
0.036715
0.04797
0.048609
0.064012
0.099374
0.106291
0.099879
0.0964
0.064379
0.062471
0.065952
0.095512
0.070441
0.04906
0.049282
0.056183
0.060307
0.054749
0.054083
0.05373
0.054741
0.052847
0.043316
0.041843
0.047346
0.047874
0.050343
0.051057
0.056107
0.065774
0.068045
0.109793
0.057987
0.053674
0.047503
0.046876
0.043985
0.043894
0.043541
0.047956
0.044704
0.04749
0.048024
0.044459
0.040133
0.035691
0.035937
0.035434
0.035859
0.035977
0.035715
0.035797
0.045183
0.035867
0.035755
0.035909
0.035933
0.036035
0.035702
0.035842
0.035972
0.035753
0.03571
0.035782
0.035953
0.036106
0.035781
0.036156
0.035685
0.036085
0.035993
0.035861
0.035822
0.035927
0.036098
0.035854
0.035882
0.03563
0.03583
0.035746
0.040129
0.035831
0.035796
0.035944
0.035727
0.03581
0.03572
0.035892
0.035889
0.03578
0.035687
0.035806
0.035836
0.035938
0.035923
0.035679
0.035855
0.03601
0.035929
0.035778
0.035763
0.03592
0.035763
0.036034
0.035801
0.036071
0.035789
0.040117
0.036279
0.036293
0.036363
0.036061
0.036106
0.036242
0.03618
0.036361
0.036279
0.036022
0.036245
0.03615
0.036029
0.036127
0.036267
0.036206
0.036515
0.036155
0.036099
0.036081
0.036033
0.036076
0.036126
0.03601
0.036431
0.036213
0.036195
0.041654
0.039288
0.036218
0.036026
0.036245
0.036232
0.036095
0.036199
0.036282
0.036164
0.036229
0.036203
0.036185
0.036299
0.036171
0.036062
0.036152
0.036155
0.036067
0.036038
0.03591
0.035912
0.036089
0.036246
0.036038
0.036096
0.036236
0.043049
0.036361
0.03616
0.036287
0.036123
0.036264
0.036098
0.036174
0.035949
0.036316
0.036565
0.036261
0.036139
0.036114
0.036055
0.035917
0.035962
0.036249
0.036255
0.036049
0.036291
0.036099
0.03603
0.036277
0.036014
0.036089
0.036005
0.036013
0.039896
0.036104
0.036349
0.038297
0.046505
0.036983
0.036252
0.036262
0.036535
0.035986
0.035949
0.03608
0.036128
0.036225
0.036187
0.036148
0.035957
0.036149
0.03609
0.036147
0.036042
0.035996
0.035762
0.036151
0.036047
0.036113
0.036328
0.042382
0.036221
0.036471
0.036279
0.036518
0.03629
0.036165
0.036105
0.035945
0.036207
0.03597
0.036218
0.036344
0.036297
0.03608
0.036257
0.035963
0.036022
0.036297
0.036223
0.036232
0.036136
0.036186
0.035907
0.036278
0.036291
0.036042
0.041953
0.036079
0.03603
0.036367
0.03613
0.036154
0.036354
0.036123
0.036243
0.036211
0.0363
0.036257
0.035865
0.036184
0.036141
0.036232
0.036188
0.036167
0.03614
0.036364
0.03609
0.036405
0.036208
0.036047
0.036143
0.036037
0.035811
0.036042
0.041935
0.035999
0.036046
0.036396
0.036237
0.036185
0.036192
0.036001
0.036131
0.036174
0.036156
0.036117
0.036194
0.036065
0.036266
0.036056
0.036263
0.036289
0.036279
0.036096
0.036186
0.036056
0.036214
0.036127
0.036206
0.035876
0.038411
0.042277
0.036124
0.036164
0.036262
0.036047
0.036239
0.036003
0.036342
0.035997
0.036188
0.03591
0.036155
0.036153
0.036132
0.036181
0.06667
0.035925
0.036218
