0.169323
0.175003
0.165937
0.18232
0.206644
0.17624
0.182017
0.176008
0.176294
0.177053
0.176977
0.333702
0.211041
0.177194
0.189076
0.171104
0.179841
0.180648
0.17171
0.17465
0.172289
0.173111
0.194369
0.179246
0.270076
0.219385
0.203307
0.181903
0.171321
0.171195
0.171119
0.171183
0.180425
0.241972
0.251637
0.221239
0.333047
0.265994
0.269923
0.240007
0.20637
0.186116
0.261738
0.329232
0.216939
0.201272
0.205119
0.201451
0.201046
0.206248
0.195685
0.166397
0.165358
0.165591
0.16641
0.176797
0.179774
0.16678
0.167132
0.165755
0.165733
0.172066
0.184827
0.199402
0.212515
0.167826
0.17213
0.165634
0.170357
0.165805
0.165563
0.166045
0.183919
0.165275
0.166967
0.183671
0.171139
0.171088
0.176141
0.169914
0.170776
0.171185
0.170646
0.171045
0.177387
0.171111
0.180059
0.166525
0.166122
0.165382
0.171509
0.166221
0.165803
0.165709
0.167312
0.165784
0.171513
0.166415
0.180949
0.171691
0.171804
0.176082
0.170668
0.170231
0.209364
0.166442
0.165896
0.171272
0.16601
0.16598
0.165947
0.1655
0.166095
0.172269
0.166161
0.166672
0.179532
0.170589
0.171469
0.18219
0.173775
0.171604
0.170917
0.177554
0.250109
0.197097
0.250871
0.348688
0.428607
0.383529
0.286837
0.410404
0.242297
0.18995
0.196995
0.188157
0.18821
0.187945
0.210946
0.166115
0.187899
0.166193
0.165718
0.166112
0.222655
0.174886
0.167128
0.166604
0.165362
0.165839
0.166536
0.173466
0.166405
0.200287
0.21614
0.220297
0.242018
0.235326
0.167435
0.166437
0.166389
0.166666
0.171816
0.167057
0.169575
0.165936
0.166419
0.170847
0.16684
0.168369
0.180623
0.170688
0.171003
0.177756
0.171159
0.1831
0.166041
0.165473
0.167532
0.168644
0.167151
0.165886
0.166019
0.165744
0.165671
0.169236
0.166388
0.165679
0.196849
0.165606
0.166003
0.168866
0.166011
0.166427
0.165896
0.166027
0.166259
0.168768
0.166192
0.165467
0.165761
0.166228
0.166329
0.169383
0.165352
0.165676
0.165293
0.165551
0.166813
0.169279
0.16552
0.170977
0.245828
0.195909
0.185462
0.229405
0.188717
0.171313
0.223369
0.231572
0.171694
0.198519
0.188156
0.181744
0.173243
0.166311
0.166448
0.182485
0.171569
0.171451
0.176571
0.170653
0.171122
0.170822
0.171064
0.171829
0.176824
0.171485
0.183948
0.176048
0.176275
0.175899
0.181785
0.175528
0.186774
0.172025
0.171328
0.176073
0.17185
0.171122
0.171196
0.17057
0.171099
0.176066
0.170886
0.179243
0.170893
0.171044
0.171393
0.178455
0.171074
0.170515
0.171185
0.171879
0.17155
0.177333
0.169963
0.170716
0.170908
0.171821
0.175773
0.171371
0.171828
0.17103
0.201338
0.171592
0.175904
0.171363
0.171012
0.171646
0.171201
0.170772
0.177356
0.171883
0.17079
0.175603
0.18532
0.24664
0.259742
0.178287
0.182371
0.166082
0.174023
0.165972
0.171398
0.166124
0.166215
0.16579
0.171235
0.165501
0.166759
0.165797
0.166368
0.166516
0.172287
0.207071
0.259789
0.222955
0.212434
0.184699
0.176488
0.176569
0.176259
0.176223
0.176294
0.182952
0.175662
0.184428
0.170147
0.170944
0.175637
0.170549
0.170791
0.170847
0.170735
0.17064
0.176958
0.171364
0.186716
0.166024
0.166298
0.165599
0.171445
0.166366
0.192515
0.171033
0.171217
0.17155
0.175488
0.17051
0.170918
0.200224
0.171561
0.176996
0.171235
0.179904
0.198782
0.171234
0.17112
0.177605
0.170708
0.184638
0.166023
0.16676
0.166148
0.170244
0.165977
0.186607
0.176945
0.176914
0.182558
0.176987
0.175899
0.219123
0.171391
0.170639
0.175568
0.170762
0.175912
0.170312
0.170517
0.170782
0.176684
0.171121
0.170441
0.171521
0.171462
0.177397
0.171285
0.170915
0.170513
0.170865
0.171093
0.173761
0.170587
0.170626
0.170558
0.170714
0.171789
0.184679
0.172709
0.171759
0.170614
0.170726
0.171013
0.255006
0.262902
0.266504
0.314104
0.182943
0.23167
0.182751
0.171536
0.170899
0.257176
0.17193
0.171557
0.170673
0.197469
0.178503
0.171591
0.185322
0.176253
0.175971
0.182934
0.176824
0.175599
0.183636
0.170357
0.17106
0.176358
0.171454
0.170951
0.170918
0.17058
0.172164
0.176794
0.171428
0.171162
0.171159
0.170436
0.170997
0.177535
0.171186
0.170801
0.171508
0.182124
0.196901
0.202102
0.173511
0.171575
0.171071
0.170995
0.180042
0.170886
0.184694
0.175665
0.176747
0.183227
0.176139
0.176705
0.18727
0.166521
0.165557
0.168865
0.16637
0.19183
0.249028
0.178437
0.178651
0.170842
0.170217
0.170078
0.171068
0.170385
0.179437
0.17222
0.171341
0.17097
0.171964
0.172005
0.178527
0.1709
0.170782
0.171175
0.170754
0.171271
0.173811
0.170727
0.171116
0.171761
0.170327
0.170978
0.173437
0.171196
0.171068
0.171626
0.171121
0.177855
0.17103
0.170525
0.193539
0.172156
0.18187
0.18101
0.171332
0.202892
0.214422
0.200534
0.177317
0.171974
0.171013
0.171522
0.171245
0.171675
0.178867
0.17148
0.171213
0.171099
0.171696
0.170587
0.179776
0.171725
0.170986
0.171066
0.170669
0.171744
0.178357
0.171723
0.170781
0.171623
0.170948
0.174419
0.183899
0.187278
0.171976
0.170661
0.171148
0.176412
0.170826
0.170802
0.171489
0.172307
0.170736
0.178513
0.170806
0.171324
0.170849
0.171512
0.1708
0.178204
0.17047
0.170703
0.170257
0.170748
0.174344
0.170759
0.171086
0.169676
0.170521
0.171112
0.194633
0.170336
0.170717
0.201569
0.170696
0.171047
0.178296
0.170251
0.170725
0.171364
0.171159
0.171938
0.177627
0.170611
0.171244
0.171138
0.171155
0.174409
0.171798
0.171166
0.171486
0.171489
0.171154
0.174234
0.171869
0.172032
0.176207
0.180882
0.167048
0.172751
0.166315
0.166621
0.166069
0.16542
0.165608
0.178474
0.180454
0.182467
0.237955
0.215003
0.175303
0.165565
0.180872
0.176337
0.176189
0.176087
0.184588
0.176312
0.176071
0.176684
0.176602
0.181733
0.176223
0.179327
0.182255
0.166014
0.16685
0.173345
0.165074
0.166407
0.166624
0.166651
0.166243
0.171186
0.166342
0.170965
0.166682
0.165817
0.166585
0.171272
0.166325
0.181247
0.175935
0.176428
0.175504
0.181285
0.175454
0.186055
0.169872
0.17096
0.184158
0.176341
0.17586
0.178024
0.236803
0.246379
0.252905
0.234134
0.167295
0.166388
0.173556
0.166586
0.166478
0.187459
0.17655
0.175972
0.181191
0.176379
0.175901
0.174693
0.175291
0.177331
0.181638
0.176049
0.207493
0.166374
0.16644
0.171712
0.16677
0.170129
0.181643
0.170978
0.170508
0.176866
0.170311
0.171631
0.170609
0.170446
0.170937
0.176245
0.171186
0.17058
0.170042
0.170945
0.170928
0.176847
0.170736
0.186018
0.167093
0.18456
0.234696
0.173014
0.169978
0.185934
0.22159
0.175829
0.166344
0.166113
0.187275
0.176254
0.176251
0.182087
0.175909
0.175937
0.207787
0.180591
0.176802
0.182906
0.177144
0.185144
0.166362
0.167131
0.170813
0.165784
0.166352
0.186242
0.171881
0.17109
0.17782
0.172207
0.170522
0.171795
0.171155
0.17202
0.175772
0.171218
0.170783
0.170724
0.169968
0.17121
0.176796
0.171193
0.174845
0.183925
0.165783
0.17144
0.165999
0.166408
0.170468
0.165363
0.166481
0.172076
0.166418
0.165671
0.165946
0.16634
0.166005
0.170779
0.16613
0.166638
0.166249
0.167018
0.166449
0.173077
0.166641
0.166634
0.1667
0.213784
0.174367
0.173658
0.165981
0.174629
0.205111
0.175445
0.176005
0.182433
0.176758
0.176673
0.17664
0.175764
0.182238
0.176351
0.176463
0.18544
0.17055
0.170855
0.177078
0.170235
0.17113
0.170984
0.171681
0.171228
0.177227
0.171099
0.175888
0.268514
0.256583
0.175692
0.171314
0.171498
0.172523
0.172449
0.207021
0.172011
0.169901
0.171358
0.17013
0.170046
0.178721
0.170622
0.185299
0.165789
0.166045
0.16664
0.172375
0.165899
0.166224
0.165802
0.165615
0.166898
0.170235
0.165867
0.170467
0.166496
0.165576
0.166556
0.168437
0.164777
0.165698
0.166645
0.16619
0.165498
0.169292
0.165914
0.186068
0.176735
0.175859
0.178981
0.176087
0.176665
0.183428
0.170777
0.171478
0.173302
0.170457
0.197856
0.207097
0.179757
0.176731
0.170784
0.17091
0.186567
0.175847
0.175973
0.180202
0.175877
0.186446
0.201142
0.171228
0.170614
0.174687
0.171097
0.176016
0.182345
0.164742
0.169188
0.166023
0.170844
0.181973
0.171281
0.170656
0.173613
0.170809
0.170818
0.172087
0.171115
0.171377
0.17358
0.171209
0.170819
0.170711
0.170534
0.170825
0.174158
0.170763
0.17034
0.171002
0.171658
0.171014
0.182653
0.231311
0.189732
0.187463
0.243267
0.172479
0.205947
0.228475
0.260858
0.258512
0.179324
0.184556
0.166385
0.166411
0.17271
0.166653
0.166211
0.188039
0.176632
0.177008
0.179632
0.176912
0.176404
0.175622
0.17628
0.176207
0.178911
0.176539
0.186535
0.171516
0.17117
0.174241
0.170835
0.170189
0.170896
0.171341
0.170177
0.174331
0.17135
0.1706
0.170894
0.170352
0.171436
0.174048
0.170963
0.186436
0.166128
0.166448
0.165796
0.168831
0.165536
0.187312
0.171398
0.170099
0.171507
0.17447
0.170766
0.18619
0.165667
0.166731
0.166815
0.169684
0.165939
0.170526
0.196636
0.165836
0.168584
0.165851
0.166354
0.166647
0.167283
0.166558
0.169602
0.166533
0.166374
0.166302
0.16579
0.166337
0.169615
0.166187
0.165838
0.183263
0.176103
0.175464
0.178885
0.176215
0.176568
0.188989
0.170938
0.17124
0.174141
0.171679
0.170783
0.170617
0.18481
0.278068
0.212442
0.181241
0.172447
0.171563
0.211826
0.172165
0.171049
0.171438
0.170538
0.171155
0.17675
0.170902
0.171567
0.170887
0.195165
0.17707
0.176839
0.170572
0.17088
0.171411
0.170536
0.175268
0.170528
0.171373
0.171241
0.172092
0.170773
0.17748
0.170496
0.171349
0.171692
0.170432
0.171131
0.175672
