6.37106
2.68488
2.34292
2.34116
2.3148
3.09843
3.7726
2.87509
2.39641
2.34235
2.34323
3.55363
3.84902
2.33053
2.34881
2.45087
2.4
2.80462
2.8533
2.29491
2.28121
2.2773
2.27678
2.34216
3.07701
2.63175
2.37814
2.27311
2.26835
2.36013
2.49905
3.0602
2.57342
2.32134
2.27909
2.31835
2.32756
2.86738
2.75737
2.33039
2.27619
2.28807
2.26954
2.26967
2.84829
2.71942
2.52571
2.37883
2.28307
2.34707
2.52048
2.96704
2.57573
2.32704
2.31446
2.32215
2.31668
2.63855
3.5137
2.41346
2.29425
2.27296
2.27049
2.27276
3.09459
2.73497
2.33098
2.46651
2.32399
2.32638
2.4987
2.80868
2.61139
2.31803
2.31204
2.31689
2.31073
2.7248
3.02387
2.29985
2.37127
2.4037
2.34573
2.33531
3.09134
3.02194
2.47556
2.31413
2.31334
2.32192
2.52224
2.79557
2.63854
2.31916
2.31851
2.35346
2.31855
2.81466
2.94786
2.35178
2.32908
2.53075
2.31664
2.34153
2.96616
2.73082
2.32648
2.32632
2.31194
2.31797
2.52934
3.07522
2.41417
2.32855
2.31619
2.31463
2.30864
2.58031
3.34896
2.35049
2.33226
2.34875
2.31423
2.31353
2.91035
2.716
2.29405
2.27351
2.27383
2.27323
2.36689
2.67237
2.6981
2.32648
2.33202
2.41795
2.38085
2.63103
3.12314
2.31581
2.27547
2.27479
2.30316
2.27662
2.52602
2.7541
2.61018
2.31895
2.3141
2.31918
2.31426
3.11942
2.91791
2.33622
2.36162
2.31953
2.31943
2.47102
2.69492
2.6369
2.33882
2.31629
2.35039
2.31643
2.7166
2.79973
2.57628
2.28532
2.28585
2.27311
2.48686
2.95764
2.81035
2.39915
2.32899
2.32726
2.33654
2.34268
2.95875
2.70761
2.32657
2.32287
2.31489
2.30848
2.59139
2.96391
2.36194
2.50707
2.27971
2.27421
2.2773
2.64954
3.03945
2.30271
2.33419
2.35309
2.33013
2.31149
2.91154
2.63265
2.33583
2.31809
2.31125
2.31947
2.55347
3.03076
2.58764
2.32585
2.33199
2.32167
2.3316
2.63424
2.54333
2.38754
2.32171
2.40491
2.32878
2.31473
2.52845
2.35233
2.31297
2.31998
2.4897
2.3649
2.3126
2.44031
2.33994
2.34894
2.31731
2.32761
2.34731
2.36327
2.5019
2.37977
2.3502
2.31504
2.31345
2.31531
2.30561
2.4482
2.46897
2.27339
2.27173
2.2785
2.29775
2.29489
2.44659
2.38019
2.27897
2.28433
2.27684
2.2753
2.27553
2.32125
2.38092
2.27958
2.28067
2.27222
2.42224
2.30584
2.28033
2.50498
2.28614
2.27533
2.27403
2.27937
2.27174
2.31294
2.41841
2.27448
2.27071
2.26948
2.27271
2.27084
2.27027
2.41895
2.37127
2.47874
2.32284
2.31316
2.31475
2.31712
2.42186
2.33257
2.35584
2.3097
2.30836
2.30972
2.35909
2.37913
2.51286
2.3171
2.32191
2.31094
2.31052
2.46774
2.50256
2.33228
2.31561
2.34134
2.32281
2.43982
2.34095
2.45511
2.59889
2.31208
2.31427
2.31449
2.31877
2.34069
2.49095
2.31631
2.31326
2.46016
2.31706
2.30998
2.31271
2.39075
2.44908
2.33697
2.34296
2.35301
2.30948
2.31796
3.11215
2.39096
2.47973
2.38133
2.74341
2.56839
2.57784
2.63422
2.37802
2.38093
2.8826
2.97334
2.31546
2.46783
2.41509
2.42625
2.40167
2.4383
2.40436
2.38364
2.68115
2.41375
2.32907
2.49442
2.50333
2.43709
2.35223
2.72351
2.34525
2.4492
2.33937
2.34898
2.40083
2.35346
2.59488
2.34463
2.33391
2.38478
2.32273
2.32036
2.32385
2.67583
2.32606
2.32307
2.32465
2.28252
2.284
2.27504
2.49583
2.30096
2.27834
2.28406
2.80669
2.28307
2.28616
2.56094
2.28261
2.27484
2.27227
2.4793
2.27888
2.29653
2.5049
2.31822
2.27977
2.27781
2.27122
2.2735
2.27355
2.43057
2.29979
2.28212
2.27529
2.26812
2.26939
2.27467
2.35628
2.52083
2.2815
2.2781
2.31585
2.27856
2.27091
2.30376
2.41115
2.31841
2.31242
2.3183
2.30657
2.31084
2.31499
2.517
2.29794
2.29159
2.27816
2.27742
2.44278
2.29892
2.50913
2.28932
2.27941
2.27695
2.29055
2.27435
2.29806
2.51457
2.30819
2.27883
2.28572
2.27036
2.26972
2.2688
2.44744
2.28626
2.45324
2.31057
2.28305
2.27795
2.31085
2.43377
2.36165
2.28226
2.27823
2.27911
2.28399
2.34662
2.335
2.39258
2.2788
2.27252
2.27511
2.26957
2.40312
2.31562
2.51394
2.30741
2.27839
2.26993
2.2717
2.27369
2.28893
2.50252
2.29011
2.27524
2.2716
2.27228
2.27487
2.29004
2.46289
2.31256
2.33869
2.44219
2.27384
2.27282
2.26956
2.45315
2.30502
2.27318
2.29023
2.31218
2.30819
2.31212
2.42336
2.41604
2.34535
2.3112
2.31296
2.36146
2.31185
2.60887
2.32855
2.32196
2.32137
2.31169
2.30996
2.34578
2.38231
2.43789
2.37436
2.3159
2.31647
2.32121
2.31346
2.32782
2.54955
2.3215
2.32743
2.41439
2.30061
2.31211
2.33882
2.50597
2.3675
2.3186
2.31014
2.3138
2.31149
2.31147
2.54322
2.34355
2.31707
2.32864
2.31447
2.31528
2.31018
2.61692
2.35124
2.31256
2.32056
2.3117
2.34125
2.31312
2.53302
2.32371
2.32586
2.31903
2.31758
2.32007
2.44686
2.51896
2.37164
2.39443
2.32312
2.43326
2.32032
2.33572
2.5654
2.31932
2.31419
2.31198
2.31392
2.33092
2.32818
2.66701
2.53663
2.40173
2.32206
2.33091
2.31825
2.31587
2.50263
2.44611
2.3224
2.33835
2.31462
2.30899
2.31499
2.43513
2.39339
2.2808
2.27615
2.27635
2.31578
2.27242
2.44138
2.28577
2.27358
2.29511
2.31424
2.43184
2.34742
2.43609
2.37419
2.3667
2.27717
2.27751
2.27476
2.28137
2.41729
2.34401
2.32215
2.31239
2.31139
2.31772
2.31285
2.34572
2.47395
2.44288
2.42015
2.31595
2.3154
2.3222
2.38212
2.40867
2.31818
2.31254
2.30896
2.34385
2.31655
2.31432
2.53782
2.36856
2.27745
2.26843
2.29157
2.31043
2.53966
2.45825
2.38097
2.31938
2.32234
2.31767
2.31032
2.30883
2.52934
2.32449
2.33804
2.30993
2.35305
2.32573
2.31508
2.55981
2.37871
2.32097
2.46726
2.39608
2.2944
2.28458
2.45802
2.31097
2.32711
2.35903
2.37672
2.32116
2.30522
2.47393
2.34625
2.36218
2.31888
2.30703
2.31035
2.32761
2.6644
2.33483
2.32822
2.31252
2.3115
2.34254
2.38684
2.49819
2.34925
2.36978
2.32378
2.31174
2.31201
2.31195
2.48773
2.32565
2.40218
2.3189
2.48545
2.31841
2.31595
2.48803
2.32091
2.4077
2.32891
2.31852
2.31548
2.33402
2.43943
2.35721
2.41297
2.31217
2.31079
2.30873
2.30649
2.45854
2.44783
2.37053
2.32716
2.3177
2.35196
2.30986
2.41378
2.33482
2.38592
2.31174
2.3152
2.31995
2.31962
2.44161
2.33454
2.36692
2.31768
2.31594
2.44774
2.3279
2.35407
2.44486
2.32981
2.32163
2.32392
2.3183
2.31571
2.42351
2.35948
2.33986
2.31931
2.31398
2.31096
2.31181
2.34595
2.51917
2.4544
2.32252
2.35028
2.31437
2.31666
2.31915
2.46537
2.31695
2.34443
2.31158
2.30939
2.31258
2.30509
2.45297
2.28502
2.2827
2.2967
2.31399
2.38148
2.41673
2.45454
2.3265
2.33769
2.3222
2.3121
2.31329
2.31973
2.45862
2.28559
2.35679
2.29767
2.27203
2.27322
2.30357
2.42835
2.33028
2.34064
2.44761
2.2737
2.26942
2.26904
2.35414
2.35943
2.27978
2.28155
2.28538
2.3336
2.31866
2.33428
2.40171
2.3262
2.27649
2.30217
2.3033
2.42271
2.3954
2.42632
2.29743
2.34977
2.36599
2.34068
2.42766
3.13164
2.38903
2.68541
2.56557
2.49993
2.53725
2.44643
2.45415
2.43124
2.3396
2.47394
2.2924
2.27616
2.27508
2.4633
2.27716
2.3287
2.28655
2.27456
2.2734
2.27616
2.53531
2.64024
2.40274
2.31795
2.36252
2.31388
2.31469
2.60841
2.33875
2.45605
2.33578
2.31758
2.31435
2.30579
2.48372
2.27869
2.33864
2.27296
2.27524
2.27156
2.26862
2.39337
2.35979
2.29836
2.28277
2.37024
2.36622
2.28187
2.3084
2.38557
2.28307
2.33911
2.27118
2.2712
2.27261
2.29054
2.49028
2.27922
2.28792
2.31724
2.28536
2.29279
2.36637
2.50755
2.43309
2.30765
2.27812
2.27212
2.27186
2.273
2.46498
2.28178
2.30914
2.3152
2.29088
2.28942
2.33762
2.52068
2.31676
2.37834
2.32577
2.31647
2.44755
2.35395
2.48976
2.29982
2.3423
2.31625
2.3129
2.31988
2.41004
2.43072
2.39667
2.41869
2.32306
2.33275
2.3119
2.31373
2.48506
2.33095
2.51483
2.32278
2.3188
2.30893
2.30592
2.45223
2.52827
2.37635
2.28032
2.27418
2.41423
2.27792
2.41059
2.29536
2.31366
2.27683
2.29508
2.27687
2.45279
2.3133
2.46003
2.31338
2.38527
2.31148
2.30713
2.31217
2.3082
2.50214
2.38007
2.32357
2.33391
2.32201
2.31612
2.3116
2.47249
2.34221
2.50934
2.30981
2.27432
2.31164
2.27882
2.42578
2.36649
2.32494
2.31391
2.32557
2.31515
2.31067
2.4885
2.31752
2.35873
2.32572
2.31308
2.30802
2.34699
2.58078
2.2854
2.32513
2.28084
2.2827
2.29589
2.29173
2.47491
2.34291
2.33414
2.32192
2.30857
2.30705
2.31197
2.45958
2.3201
2.38944
2.31482
2.45901
2.32497
2.3117
2.45891
2.31961
2.32387
2.34176
2.34623
2.3143
2.34371
2.38387
2.37819
2.35347
2.31328
2.31276
2.3148
2.30823
2.33506
2.63568
2.31156
2.39369
2.31156
2.30696
2.31287
2.35947
2.47027
2.35025
2.30971
2.30758
2.3113
2.31208
2.30531
2.45727
2.31006
2.3787
2.31244
