3.10404
2.82575
2.9454
2.92753
3.87221
3.06862
2.88916
2.82493
2.77711
3.40819
3.23021
2.87406
2.77002
2.77409
2.76815
3.16715
2.85866
2.85887
2.83875
2.8765
3.0806
2.90426
2.8741
2.78633
2.77087
2.8537
3.04113
2.86427
2.83018
2.89682
2.85394
2.85903
2.97195
2.77968
2.8969
2.91464
2.87487
3.7592
3.84677
3.09002
2.86887
2.94804
2.91593
3.16866
2.8611
2.89042
2.87598
3.27844
3.12441
2.87089
2.866
2.85831
2.87051
2.85649
2.98885
2.85056
2.82325
2.77837
2.82794
2.97425
3.00917
2.85758
2.89644
2.95311
2.85519
2.95424
2.88896
2.85885
2.85764
2.8085
2.97747
2.98986
3.34075
2.87098
2.79389
2.77508
2.88925
3.49932
3.11021
2.88186
2.86985
2.97931
3.14701
4.27091
2.82287
3.00557
4.20145
5.83042
5.38192
5.42238
5.51315
4.05503
3.02113
2.86584
3.06316
4.0083
2.90271
2.91235
2.87964
2.93185
3.88543
3.07887
2.92462
2.85498
2.84827
3.40168
3.2498
2.91453
2.88148
2.87755
2.8896
3.88527
2.93958
2.84807
2.94073
2.94533
3.3364
3.10724
2.92898
2.85427
2.91911
2.87347
3.64623
2.95455
2.86556
2.89606
2.86369
3.54599
3.18966
2.92433
2.90501
2.94337
3.0163
3.3562
2.99328
2.87282
2.86327
2.85333
3.62356
2.98984
2.89001
2.9495
2.98087
2.97331
3.40448
2.96569
2.91647
2.8579
2.85636
3.21952
3.02981
2.96488
2.87504
2.93835
2.88226
3.5283
2.94055
2.97855
2.91631
2.91612
3.26564
3.35879
2.86728
2.86085
2.94417
3.00195
3.68832
2.9716
2.85626
2.90582
2.8509
3.49417
3.51607
2.91909
2.93541
2.93139
3.288
3.3069
2.96808
2.85832
2.86563
2.84895
3.67917
2.99658
2.94547
2.94646
2.89616
3.25776
3.24022
2.86244
2.90066
2.85754
2.85749
3.60073
2.98299
2.86058
2.77985
2.84238
3.3156
3.65431
2.87744
2.85618
2.85445
2.85358
3.82364
2.82237
2.94465
2.88203
2.91207
3.16719
3.32657
3.06099
2.99497
3.06983
2.99504
3.59766
2.89326
2.86841
2.86217
2.85425
3.11129
3.4148
2.90255
2.85154
2.85493
3.05483
3.87508
2.92328
2.86903
2.85099
2.85868
3.56069
3.27573
2.88579
2.91356
2.87152
3.28191
3.35323
2.8745
2.93822
3.05855
2.97272
3.63339
2.9509
2.87183
2.88348
2.86156
3.56041
3.05627
2.91727
2.91443
2.85355
2.84886
3.60415
3.14402
2.86738
2.85975
2.88446
3.34857
3.39926
2.85601
2.83874
2.875
2.89508
3.51474
2.99254
2.89458
2.9264
2.96019
3.63289
3.49192
2.87186
2.92824
2.95492
3.33338
3.37916
2.88559
2.87616
2.95776
2.88169
3.72944
3.00057
3.07798
2.91713
2.85624
3.41759
3.24056
2.91852
2.86172
2.85246
2.88935
3.68949
2.97697
2.86094
2.85977
2.83682
3.60079
3.49475
4.32444
4.01716
3.2402
3.63037
3.01251
2.96166
3.6916
4.61081
3.78666
2.98016
3.56048
2.99388
3.72999
4.23323
4.35065
2.98829
2.92848
3.72645
3.23013
3.00557
3.07053
3.07923
3.8386
3.44999
2.95488
2.99056
3.13563
3.57153
3.82588
2.9034
2.92658
2.95766
3.43068
3.34102
2.88828
2.87738
3.15305
3.10081
3.59886
2.96752
2.86806
2.86119
2.85883
3.22896
3.1937
2.90404
2.85393
2.89189
3.04835
3.47831
3.11148
2.8589
2.85413
2.86485
3.74743
3.01863
2.86577
3.0459
2.88336
3.27097
3.29839
2.88732
2.86229
2.88726
2.97505
3.67419
2.97801
2.9959
2.91697
3.06997
3.28967
3.55697
2.92258
2.92464
2.851
2.98847
3.69741
3.04415
2.91872
2.8669
2.85828
3.78442
3.17389
2.87981
2.92192
2.85819
3.35379
3.52413
2.87027
2.95308
2.88176
3.07284
3.6809
2.95091
2.94705
2.9569
2.85698
3.62137
3.05209
2.86503
2.88658
2.95042
3.05023
3.57928
2.96524
3.05167
2.86639
3.01293
3.53104
2.95634
3.00765
2.93317
3.05451
3.07345
3.34732
2.95654
2.86503
2.86811
2.86285
3.7215
3.07417
2.90453
2.93541
3.01094
3.38387
3.29277
2.91956
2.86468
2.85269
2.86777
3.62623
2.96629
2.88454
3.13651
2.86261
3.59974
3.152
2.88526
2.91451
2.86002
3.05904
3.71663
2.88978
2.85552
2.85609
2.84776
3.62355
3.17602
2.9245
2.91113
2.86643
3.3264
3.53117
2.93268
2.90399
2.8713
2.87581
3.75888
2.98804
2.86183
3.04245
3.06843
3.77775
3.14421
2.87665
2.86548
2.86002
2.98529
3.86789
3.07251
2.88145
2.85465
2.9057
3.73094
3.23829
2.90586
2.86286
2.87242
3.52409
3.37018
2.87211
2.85212
2.8523
3.04955
3.71344
2.96789
2.92221
2.90465
3.08649
3.83765
2.97357
2.89253
2.88575
2.84817
3.15524
3.59786
2.97847
2.91257
2.9454
2.86334
3.81433
2.9913
3.166
2.94235
2.86157
3.66584
3.03188
2.89698
2.91158
2.85429
3.12347
3.37411
2.87548
2.86162
2.85577
2.9217
3.67226
3.02272
2.89769
2.92647
2.853
3.07555
3.42972
2.88813
2.86441
3.37809
2.86376
3.60947
2.94727
3.04228
2.93533
2.86329
2.93006
3.53928
3.00605
2.86234
2.86553
2.85135
3.50578
2.9828
2.92899
2.91142
2.86594
3.17437
3.32213
2.89104
2.87316
2.84246
2.7826
3.36605
2.86165
2.88279
2.87795
2.85297
3.03288
3.60172
2.87167
2.88643
3.02562
2.86331
3.36958
2.87296
2.8666
2.87133
2.86045
2.97758
3.04557
2.94277
2.90663
2.8755
2.78458
3.09211
3.05091
2.85487
2.91044
2.86258
2.84744
3.067
2.90919
2.85577
2.81721
2.77247
2.93311
3.06046
2.8887
2.87061
2.77534
2.90599
3.08214
2.90025
2.86948
2.85755
2.84305
2.77169
2.98713
2.91387
2.88694
2.85897
2.84339
2.77482
2.95221
2.93787
2.95512
2.86473
2.90799
2.85852
2.98981
2.87976
2.85286
2.81279
2.90006
2.98617
3.05916
2.89982
2.85049
2.85924
2.87688
3.26342
2.86349
2.83532
2.83333
2.77415
2.8251
3.22308
3.00709
2.86238
2.79877
2.77074
2.76247
3.05739
2.8547
3.04849
2.88641
2.79747
3.07165
2.94904
2.85745
2.85033
2.8499
2.88837
3.01812
2.85635
2.82401
2.78057
2.7731
2.76977
3.18593
2.90613
2.85291
2.86009
2.87691
2.77632
3.02509
2.77895
2.77119
2.85678
2.81932
2.99274
2.98191
2.86417
2.88703
3.17449
4.42104
3.87521
3.54723
4.18126
3.41113
3.14914
3.0263
2.91694
4.92486
2.92538
3.24119
3.05318
3.09039
2.92211
3.0422
3.19809
3.55965
4.61099
3.02835
2.97649
3.30925
2.98466
2.88172
3.03511
4.62742
3.40629
3.03901
2.97279
3.0194
2.9081
3.02842
3.08902
2.87874
2.86383
2.86291
2.9204
3.09877
2.93109
3.08374
2.89605
2.96983
2.9762
3.07649
2.87116
2.85415
2.84968
2.83059
2.86666
3.0431
2.92862
2.85627
2.9335
2.98558
3.0579
2.86602
2.90364
2.86486
2.8669
2.85872
3.08413
2.85812
3.95812
2.93875
2.87321
3.04708
2.86761
3.03107
2.8843
2.86924
2.96353
3.10081
2.91356
2.85337
2.85239
2.94303
2.85976
3.05361
2.85828
2.84894
2.85637
2.99538
3.21708
2.91465
2.91136
2.9416
2.85668
2.86492
3.06134
2.8788
2.83509
2.775
2.79204
2.89902
3.09588
2.86213
2.99985
3.08573
2.85703
3.05657
2.81878
2.83038
2.87713
2.85839
2.87764
3.08675
2.87644
2.86477
2.91743
2.86888
2.87091
3.18277
2.88656
2.85294
2.85274
2.81075
2.77691
3.06122
2.89803
2.87589
2.94333
2.85311
2.97904
2.8721
2.89074
2.88616
3.01213
2.86349
3.01772
2.7805
2.84265
2.95696
2.90749
2.85217
3.05076
2.86336
2.88543
2.86407
2.86756
2.93134
3.20106
2.90648
2.84889
2.9168
2.89357
2.96968
2.87697
2.83595
2.77402
2.77156
2.76845
2.96601
2.91205
2.93322
2.91762
3.01161
2.85659
3.13349
2.84428
2.84456
2.84912
2.92757
2.92366
3.02581
2.8567
2.83069
2.97185
2.81269
3.05932
2.86556
3.03456
2.85019
2.78376
2.85665
3.2387
2.89891
2.78281
2.84024
2.92601
2.85805
3.03925
2.85758
2.82406
2.90906
2.95978
3.19892
2.93453
2.85791
2.93736
2.87549
2.86016
3.03247
2.86302
2.84853
2.88332
2.85843
2.82254
2.93315
2.90843
3.08625
2.8905
2.86411
2.95864
3.08306
2.87886
2.85226
2.81453
2.79638
3.05328
2.92863
2.90085
2.91661
2.85893
2.85682
3.26285
2.86722
2.82222
2.85522
2.77646
2.77889
3.09279
2.85178
2.89548
2.91758
2.80576
2.86078
2.94117
2.78387
2.97369
2.91824
2.8578
3.03786
2.79501
2.80401
2.90532
2.85415
2.8678
3.06102
2.91226
2.86008
2.78539
2.83229
2.87649
3.18261
2.85156
2.85187
2.93537
2.78576
2.7983
3.06692
2.9119
2.85227
2.8454
2.77059
3.00179
2.94742
2.86795
2.82418
2.92188
2.86579
3.03226
2.85354
2.84926
2.86371
2.82542
2.77995
2.97889
2.93588
2.85143
2.91832
2.89647
2.8727
3.0239
3.01135
2.85986
2.84399
2.8122
2.97631
2.9985
2.87735
2.8549
2.85236
2.92634
2.984
2.90006
2.85939
2.85921
2.93902
2.91522
3.10612
2.86623
2.85933
2.86615
2.96645
3.00855
2.98095
2.84968
2.86937
2.8505
2.81115
2.95987
2.93698
3.1426
2.90537
2.85335
2.8073
2.99376
2.88934
2.84835
2.87139
2.77141
2.8094
3.19873
2.86387
2.85338
2.82939
2.86578
3.13215
2.94851
2.86567
2.90492
2.85213
2.82104
2.97771
2.8804
2.85285
2.84009
2.94355
2.82095
2.96003
2.90326
2.96394
2.87962
2.85438
2.89531
3.02344
2.85918
2.8654
2.88286
2.89155
3.07031
