1.73753
0.565485
0.736756
0.634648
0.697265
0.807849
0.86894
0.97855
1.17836
0.642888
0.581276
0.570876
0.588566
0.56488
0.572802
0.566491
0.664476
0.589188
0.567148
0.576904
0.567042
0.572425
0.573781
0.564309
0.572443
0.564535
0.595919
0.564373
0.570214
0.574958
0.713988
1.3902
1.09612
0.58294
0.61515
0.587434
0.575538
0.574619
0.564665
0.57128
0.564518
0.576829
0.578231
0.569842
0.576298
0.57549
0.579267
0.576146
0.603401
0.574796
0.566591
0.577011
0.570426
0.578466
0.571665
0.576688
0.631211
0.691749
0.646737
0.581624
0.571461
0.586159
0.568993
0.576302
0.569431
0.576421
0.575055
0.569934
0.574645
0.573413
0.57723
0.575823
0.57347
0.579561
0.573166
0.576656
0.574155
0.576842
0.578915
0.60171
0.576914
0.568389
0.576781
0.725668
0.672717
0.608514
0.708369
0.576582
0.575002
0.566896
0.578444
0.577219
0.573019
0.576349
0.569546
0.577838
0.563665
0.571427
0.56492
0.576701
0.575793
0.565513
0.574087
0.566266
0.575893
0.565708
0.573459
0.573534
0.565307
0.572002
0.575127
0.573108
0.566893
0.649956
0.68132
0.565517
0.579472
0.576997
0.56518
0.570613
0.565856
0.570674
0.565344
0.570035
0.569402
0.56582
0.570379
0.56635
0.569588
0.567436
0.570489
0.581229
0.575939
0.594437
0.578313
0.577118
0.56934
0.57831
0.580725
0.569516
0.577614
0.569547
0.644436
0.680078
0.575532
0.577507
0.566543
0.578927
0.566545
0.572978
0.571853
0.565519
0.588542
0.565718
0.578384
0.572183
0.576403
0.576003
0.584771
0.588041
0.658403
0.648004
0.575782
0.565566
0.57733
0.564641
0.571758
0.572396
0.565483
0.572302
0.622396
0.665693
0.578323
0.57068
0.584306
0.570861
0.575328
0.570432
0.574877
0.580323
0.569828
0.581083
0.568391
0.574404
0.564065
0.572766
0.570804
0.566067
0.572035
0.564153
0.574021
0.56546
0.572043
0.570272
0.563944
0.571169
0.56538
0.572847
0.567638
0.620266
0.640487
0.759253
0.686079
0.583589
0.574893
0.592921
0.571662
0.63365
0.57149
0.571379
0.579081
0.571644
0.581489
0.579028
0.569069
0.578715
0.571079
0.579135
0.570147
0.575319
0.586728
0.595103
0.583504
0.574067
0.585706
0.566236
0.577365
0.679151
0.63112
0.576558
0.56837
0.576133
0.600051
0.678347
0.596606
0.580422
0.566224
0.576348
0.566409
0.569919
0.566189
0.570257
0.573545
0.567651
0.570526
0.566408
0.569879
0.566616
0.569758
0.567057
0.569739
0.570624
0.567014
0.573936
0.566143
0.570363
0.685985
0.716409
0.590724
0.578636
0.584607
0.61222
0.57045
0.602248
0.572219
0.579883
0.574606
0.572621
0.579117
0.574176
0.58286
0.614048
0.571927
0.584718
0.581534
0.58502
0.575739
0.583406
0.580124
0.570168
0.580393
0.583201
0.573047
0.56618
0.667776
0.599452
0.566949
0.57402
0.567518
0.617178
0.598719
0.56709
0.582518
0.574614
0.581016
0.580536
0.57032
0.577649
0.568937
0.576185
0.569155
0.576309
0.590444
0.568069
0.583
0.59428
0.683273
0.58534
0.599199
0.578573
0.57213
0.581597
0.602853
0.644571
0.584154
0.570685
0.582722
0.717136
0.565964
0.576829
0.566974
0.57438
0.564538
0.571922
0.572177
0.564448
0.572927
0.564973
0.573054
0.581581
0.574881
0.570404
0.566801
0.573913
0.564834
0.572484
0.564414
0.568181
0.569512
0.56624
0.573332
0.584856
0.584638
0.639178
0.567136
0.573668
0.566346
0.570333
0.56621
0.592742
0.576074
0.565129
0.569931
0.56608
0.570058
0.565711
0.5717
0.571924
0.581139
0.57767
0.570288
0.577801
0.568327
0.574582
0.574538
0.571268
0.57798
0.571568
0.573211
0.567363
0.595886
0.669476
0.574477
0.590928
0.570157
0.579276
0.580261
0.567694
0.577287
0.648112
0.631045
0.580594
0.570325
0.587272
0.56523
0.571524
0.565075
0.592524
0.58155
0.568024
0.581043
0.569994
0.586074
0.590618
0.568802
0.577206
0.569642
0.577744
0.574652
0.584585
0.686829
0.628034
0.578134
0.569477
0.576599
0.573248
0.563721
0.57383
0.565852
0.571756
0.563671
0.572033
0.57083
0.565331
0.573305
0.579638
0.572166
0.564249
0.574944
0.571801
0.56629
0.571839
0.565324
0.570722
0.566018
0.571808
0.572292
0.585819
0.698439
0.606086
0.57661
0.57525
0.565168
0.576629
0.565296
0.572954
0.585844
0.577161
0.572269
0.566011
0.570404
0.565847
0.568742
0.56538
0.573014
0.57472
0.565168
0.573254
0.564577
0.571466
0.565815
0.575524
0.59729
0.65858
0.620363
0.567767
0.611881
0.655342
0.567632
0.577517
0.567808
0.574373
0.587417
0.57133
0.57934
0.572562
0.580966
0.571374
0.574917
0.574472
0.570475
0.57809
0.572234
0.578397
0.593506
0.565156
0.571848
0.573382
0.579745
0.598142
0.584544
0.579109
0.565664
0.575316
0.573722
0.712846
0.579021
0.588179
0.580474
0.572624
0.579849
0.569092
0.57517
0.574725
0.568816
0.573638
0.56471
0.573166
0.572579
0.582843
0.577703
0.565697
0.586983
0.564783
0.572832
0.574544
0.564154
0.572657
0.565815
0.574161
0.565614
0.570242
0.572
0.592565
0.622275
0.614041
0.582143
0.571373
0.579514
0.574082
0.570253
0.575628
0.581664
0.588957
0.570457
0.565444
0.714336
0.807399
0.764451
0.754101
0.771707
0.621129
0.56795
0.580061
0.564489
0.584136
0.72826
0.780035
0.76057
0.770609
0.720133
0.684121
0.583858
0.572126
0.581841
0.579131
0.566096
0.58058
0.569712
0.583052
0.573353
0.58093
0.580242
0.570609
0.581855
0.578792
0.59294
0.583812
0.570173
0.604437
0.579137
0.622646
0.573174
0.58201
0.614681
0.708271
0.587551
0.61884
0.657752
0.59847
0.582458
0.592946
0.589439
0.571032
0.589935
0.578028
0.587882
0.583536
0.570799
0.692042
0.823055
0.791049
0.760364
0.754057
0.72894
0.572165
0.583112
0.569784
0.578266
0.580832
0.567568
0.587518
0.575986
0.618981
0.727164
0.747824
0.707263
0.583987
0.566955
0.579912
0.652128
0.65218
0.581015
0.567372
0.590106
0.56499
0.639786
0.613928
0.609252
0.581999
0.568875
0.577076
0.580174
0.634498
0.648227
0.571823
0.578381
0.577348
0.567464
0.659222
0.615243
0.742549
0.637771
0.569559
0.57445
0.578655
0.620446
0.613212
0.571117
0.619047
0.578463
0.566741
0.577514
0.565258
0.593395
0.663014
0.58412
0.597835
0.573549
0.604356
0.569862
0.583185
0.650761
0.569556
0.582306
0.567692
0.576941
0.583096
0.64423
0.67829
0.686219
0.618211
0.58397
0.579822
0.593113
0.599779
0.64766
0.589489
0.579861
0.58842
0.59162
0.584205
0.597855
0.585947
0.725589
0.663658
0.567465
0.581551
0.584029
0.593185
0.592574
0.572295
0.584065
0.577057
0.586973
0.589678
0.623388
0.701937
0.576453
0.60232
0.745727
0.761901
0.732671
0.721238
0.713149
0.57151
0.588019
0.71669
0.575287
0.581214
0.574781
0.582674
0.571743
0.575101
0.575413
0.609534
0.580542
0.569133
0.57999
0.580037
0.575884
0.576852
0.57061
0.633421
0.662769
0.621896
0.58192
0.573054
0.581882
0.578116
0.569411
0.57505
0.566662
0.576019
0.568711
0.576969
0.577088
0.565359
0.572799
0.563805
0.573862
0.56421
0.574217
0.571265
0.572242
0.577713
0.569278
0.578626
0.58409
0.576999
0.57862
0.570237
0.671157
0.59358
0.579076
0.663062
0.68078
0.575533
0.572795
0.57415
0.574003
0.563723
0.576054
0.565343
0.572584
0.564967
0.570623
0.573612
0.565784
0.573936
0.563479
0.571066
0.566235
0.572401
0.571818
0.564821
0.572072
0.565101
0.574158
0.572335
0.58188
0.692199
0.680155
0.590397
0.651819
0.626675
0.586817
0.575174
0.596513
0.580165
0.566039
0.571384
0.564927
0.572337
0.564643
0.572077
0.578992
0.570749
0.578532
0.572529
0.57888
0.571384
0.576703
0.584666
0.571998
0.581504
0.56981
0.588045
0.578269
0.594883
0.609796
0.622853
0.582207
0.585029
0.575207
0.577631
0.57322
0.582165
0.574949
0.578642
0.583576
0.58122
0.582906
0.578786
0.583082
0.577681
0.580816
0.591065
0.657842
0.660001
0.575971
0.57192
0.590443
0.570127
0.574307
0.570196
0.578218
0.598695
0.672877
0.601945
0.607459
0.582351
0.588091
0.57399
0.584933
0.569789
0.578363
0.586033
0.569714
0.583578
0.571056
0.580515
0.571078
0.606546
0.581421
0.587064
0.578391
0.574898
0.58257
0.565604
0.570946
0.569804
0.565692
0.571261
0.566203
0.570207
0.603418
0.639122
0.57926
0.565719
0.574927
0.566162
0.569692
0.56923
0.566995
0.571681
0.564406
0.570284
0.566561
0.569324
0.570803
0.565555
0.569109
0.566459
0.57009
0.57367
0.575471
0.578065
0.571558
0.578059
0.574815
0.578902
0.571548
0.575088
0.575935
0.690977
0.590578
0.616335
0.576116
0.573266
0.565689
0.649377
0.66043
0.565417
0.573338
0.567147
0.57459
0.565021
0.573125
0.568065
0.56693
0.573525
0.564396
0.570211
0.566992
0.570413
0.567055
0.574126
0.572095
0.564287
0.569441
0.565535
0.569598
0.616262
0.673183
0.604346
0.570896
0.582247
0.577737
0.569902
0.581604
0.602799
0.579054
0.573343
0.57928
0.577336
0.568234
0.573855
0.567939
0.577996
0.568413
0.574312
0.575944
0.564566
0.581563
0.568113
0.580374
0.564033
0.572513
0.570726
0.566493
0.570415
0.663034
0.658617
0.584917
0.591952
0.601418
0.570621
0.578438
0.576049
0.564853
0.573859
0.566861
0.571935
0.564356
0.569293
0.570389
0.566342
0.570502
0.566477
0.569642
0.567235
0.571039
0.570885
0.604733
0.691953
0.707758
0.565304
0.573807
0.576881
0.628843
0.694268
0.567157
0.576571
0.566245
0.575273
0.56485
0.572557
0.573643
0.568233
0.576267
0.569308
0.575994
0.569564
0.577678
0.576444
0.569451
0.577168
0.567178
0.595703
0.580056
0.578685
0.579582
0.57097
0.577297
0.570379
0.575775
0.577038
0.571231
0.653768
0.612287
0.639255
0.576952
0.56482
0.574766
0.565992
0.574518
0.635327
0.575281
0.57459
