0.413822
0.141308
0.150111
0.143028
0.144603
0.142712
0.144695
0.168322
0.174176
0.144802
0.168804
0.171137
0.15053
0.210975
0.16588
0.142406
0.142711
0.148109
0.143654
0.150791
0.160918
0.168551
0.147521
0.142681
0.141137
0.140699
0.142316
0.146423
0.157604
0.156533
0.245102
0.167038
0.14095
0.154906
0.140518
0.141356
0.140665
0.141452
0.14087
0.141459
0.146503
0.141745
0.140674
0.140574
0.141738
0.140537
0.140707
0.145732
0.1816
0.143395
0.14009
0.140672
0.141309
0.140646
0.148737
0.139691
0.141307
0.141143
0.141127
0.141255
0.140765
0.147876
0.140846
0.140345
0.141217
0.140299
0.140899
0.141247
0.144225
0.140813
0.140827
0.139846
0.141276
0.14006
0.140862
0.144015
0.141093
0.140196
0.141006
0.140857
0.14083
0.140706
0.145681
0.141152
0.140642
0.140809
0.140606
0.140636
0.141552
0.141046
0.147657
0.141229
0.141124
0.140175
0.139981
0.140586
0.140802
0.146327
0.141381
0.140873
0.14104
0.140883
0.141077
0.140504
0.145803
0.140571
0.140964
0.171463
0.140767
0.140298
0.15764
0.167259
0.164039
0.146018
0.144788
0.158672
0.149366
0.149852
0.141406
0.140736
0.166706
0.172534
0.178742
0.202723
0.364021
0.366299
0.230461
0.184287
0.190966
0.195417
0.214768
0.173791
0.216339
0.176707
0.160134
0.152112
0.140703
0.15126
0.140758
0.141775
0.140176
0.140227
0.140803
0.141067
0.152321
0.171054
0.179448
0.141685
0.140665
0.140402
0.141438
0.151195
0.150223
0.140994
0.14144
0.140823
0.140337
0.141244
0.146581
0.143021
0.145669
0.142163
0.141108
0.142742
0.165602
0.156781
0.14353
0.142195
0.142571
0.166148
0.148745
0.151512
0.142269
0.144333
0.168991
0.146437
0.142799
0.142876
0.149269
0.161884
0.177825
0.151268
0.143269
0.142669
0.157955
0.164108
0.143374
0.143178
0.141717
0.155024
0.161938
0.148169
0.144245
0.141416
0.156577
0.160071
0.141553
0.143556
0.148929
0.156666
0.181123
0.210647
0.146459
0.140822
0.147172
0.140867
0.14064
0.140538
0.141078
0.141528
0.14083
0.146205
0.140101
0.140723
0.140953
0.140245
0.140876
0.141332
0.146486
0.14048
0.140978
0.140522
0.141004
0.140791
0.140874
0.149259
0.169668
0.162668
0.149987
0.151846
0.240517
0.339356
0.302626
0.244565
0.224095
0.227601
0.209884
0.238272
0.309897
0.183584
0.149534
0.139961
0.141483
0.140486
0.141903
0.14934
0.140649
0.140265
0.141078
0.141143
0.141128
0.141545
0.146962
0.140603
0.141258
0.141316
0.140999
0.141442
0.141165
0.148533
0.150146
0.141273
0.140669
0.141341
0.1417
0.141262
0.146514
0.140736
0.140651
0.140393
0.14926
0.175704
0.187565
0.143719
0.140874
0.141365
0.140932
0.141004
0.14107
0.147064
0.141205
0.153117
0.140827
0.140703
0.141868
0.140489
0.147955
0.140507
0.153798
0.141812
0.141414
0.14052
0.141228
0.146545
0.140962
0.159584
0.14059
0.141233
0.14119
0.140576
0.14807
0.140752
0.140691
0.141221
0.140985
0.140065
0.141232
0.146605
0.141359
0.14023
0.140902
0.172064
0.141108
0.140758
0.147229
0.140553
0.140479
0.141073
0.140932
0.141261
0.140543
0.146879
0.139875
0.141237
0.140656
0.141364
0.140934
0.141393
0.147178
0.141616
0.140835
0.140897
0.141301
0.144405
0.167608
0.169979
0.170624
0.17893
0.142732
0.141373
0.169161
0.151147
0.140868
0.140989
0.140362
0.140891
0.140864
0.140709
0.146734
0.140354
0.141097
0.140177
0.14059
0.140561
0.140648
0.14625
0.141084
0.140376
0.141394
0.141195
0.140667
0.141145
0.147864
0.140724
0.17337
0.142982
0.140414
0.140379
0.140414
0.149006
0.140971
0.14063
0.141105
0.141059
0.140692
0.140958
0.145509
0.141183
0.141041
0.140029
0.141385
0.141101
0.140919
0.143736
0.141038
0.14126
0.170435
0.153757
0.163891
0.166524
0.179325
0.175455
0.154589
0.140705
0.140708
0.140372
0.147022
0.141139
0.140428
0.141505
0.141554
0.141114
0.141094
0.146093
0.14102
0.141506
0.141504
0.141441
0.140288
0.141921
0.145535
0.140912
0.140525
0.140823
0.14043
0.140593
0.140927
0.146628
0.141283
0.14113
0.140776
0.140746
0.141055
0.140659
0.147379
0.141473
0.141185
0.14131
0.141088
0.140445
0.140648
0.147105
0.140898
0.140422
0.140954
0.141503
0.14126
0.14112
0.145408
0.141055
0.140674
0.140937
0.141905
0.141075
0.141215
0.145483
0.140644
0.140761
0.143682
0.174331
0.156268
0.144692
0.183247
0.169373
0.167035
0.143432
0.140994
0.141591
0.148684
0.141221
0.141644
0.141718
0.140961
0.140525
0.141744
0.146634
0.140954
0.140501
0.140267
0.141171
0.140286
0.14094
0.140113
0.148486
0.140933
0.140738
0.140875
0.140935
0.140647
0.141109
0.14383
0.140856
0.141043
0.140476
0.141389
0.140908
0.141
0.155738
0.161728
0.151301
0.140471
0.1403
0.140727
0.147748
0.140495
0.141631
0.140488
0.14063
0.141726
0.140622
0.14525
0.141062
0.141291
0.140787
0.14107
0.141241
0.141001
0.141444
0.145677
0.140721
0.140568
0.140726
0.140861
0.141348
0.140866
0.143488
0.140584
0.140903
0.140818
0.140477
0.140271
0.140964
0.143114
0.14048
0.141036
0.172138
0.14132
0.140377
0.140379
0.143479
0.141055
0.140731
0.140806
0.140561
0.14158
0.141219
0.143943
0.141127
0.140485
0.141015
0.140685
0.140299
0.140998
0.143498
0.140726
0.140932
0.140784
0.140414
0.14042
0.141035
0.143961
0.140497
0.140996
0.140564
0.141427
0.140612
0.140522
0.143866
0.140356
0.140863
0.141312
0.141064
0.141009
0.140592
0.146575
0.171208
0.18116
0.178699
0.145163
0.168821
0.151007
0.140704
0.14151
0.139985
0.141183
0.140351
0.14107
0.145847
0.141152
0.141538
0.140443
0.141004
0.14064
0.140543
0.144106
0.140689
0.141353
0.140989
0.140505
0.140771
0.14072
0.143155
0.141211
0.141002
0.140838
0.140725
0.140334
0.140661
0.143725
0.141018
0.141508
0.140868
0.14048
0.141888
0.140023
0.143788
0.140522
0.1401
0.140873
0.1407
0.140396
0.140675
0.142905
0.1412
0.141406
0.140889
0.140654
0.140556
0.140749
0.143921
0.140347
0.140851
0.141066
0.140952
0.140611
0.140566
0.143956
0.140427
0.140624
0.141239
0.140491
0.14125
0.140697
0.140777
0.143566
0.141648
0.140826
0.172233
0.140594
0.140325
0.143663
0.140845
0.140392
0.141003
0.141447
0.141232
0.140533
0.144394
0.140838
0.14066
0.141523
0.141066
0.140542
0.140785
0.140792
0.143677
0.140537
0.140693
0.140581
0.140675
0.140191
0.141434
0.144288
0.140891
0.14078
0.14131
0.159899
0.141438
0.142288
0.150175
0.141109
0.140439
0.140051
0.140932
0.169517
0.146857
0.14095
0.140725
0.140869
0.14065
0.141916
0.166292
0.169313
0.143198
0.177987
0.180839
0.184723
0.179358
0.190583
0.172868
0.164383
0.174846
0.141382
0.153756
0.169507
0.142331
0.142345
0.142823
0.143964
0.143622
0.143974
0.149298
0.144564
0.143539
0.143067
0.142369
0.141371
0.143504
0.147658
0.143217
0.14216
0.143157
0.14292
0.142797
0.143441
0.156692
0.142302
0.143508
0.142741
0.142057
0.156807
0.163644
0.142797
0.142541
0.143895
0.143107
0.14316
0.141791
0.149669
0.142247
0.143047
0.142435
0.142282
0.142909
0.142034
0.148829
0.142492
0.144274
0.142433
0.143226
0.14319
0.14309
0.148223
0.141724
0.143556
0.143465
0.14176
0.142324
0.144183
0.14839
0.143862
0.142533
0.145829
0.141936
0.14206
0.14221
0.149325
0.143912
0.141437
0.142992
0.175504
0.142747
0.144334
0.147247
0.150106
0.143805
0.142388
0.143752
0.143801
0.143723
0.15038
0.143387
0.142114
0.143043
0.143398
0.144022
0.142834
0.150776
0.14313
0.144356
0.143658
0.142719
0.142986
0.142763
0.149079
0.143458
0.141876
0.141282
0.143277
0.142118
0.141603
0.148543
0.14537
0.14627
0.178774
0.189636
0.150869
0.154227
0.143059
0.144151
0.141403
0.143305
0.172452
0.142483
0.148483
0.143924
0.142792
0.143046
0.142648
0.140915
0.143352
0.148621
0.14408
0.143139
0.142497
0.142773
0.142853
0.14871
0.143611
0.142902
0.141779
0.140411
0.140548
0.140959
0.144208
0.142124
0.14049
0.141166
0.140227
0.141419
0.140456
0.140438
0.14688
0.140916
0.141549
0.140423
0.140824
0.140881
0.140689
0.144095
0.141129
0.140713
0.141214
0.140465
0.140733
0.140739
0.143667
0.140826
0.140787
0.139904
0.140966
0.14051
0.140303
0.146473
0.14084
0.141199
0.140323
0.141114
0.14064
0.140702
0.14367
0.141096
0.140479
0.140924
0.14161
0.141324
0.141333
0.14407
0.141534
0.140728
0.141297
0.171319
0.140552
0.141287
0.143525
0.141662
0.140572
0.141111
0.141396
0.140902
0.140825
0.144385
0.140728
0.140815
0.140765
0.140838
0.140622
0.140671
0.143378
0.140439
0.141021
0.140812
0.141008
0.140737
0.140733
0.142918
0.141188
0.140629
0.141712
0.141076
0.141212
0.140503
0.143265
0.141305
0.141261
0.141221
0.140613
0.141206
0.140517
0.145857
0.168563
0.159911
0.14502
0.181993
0.154101
0.168186
0.141055
0.140869
0.141376
0.140235
0.169109
0.140729
0.146104
0.140257
0.141336
0.140501
0.141226
0.140606
0.14105
0.146474
0.140405
0.140581
0.141168
0.140838
0.141122
0.140292
0.144946
0.140621
0.140488
0.141445
0.140672
0.141163
0.15215
0.165056
0.157099
0.1407
0.141504
0.140837
0.141606
0.141244
0.145614
0.140097
0.140547
0.141251
0.140566
0.141089
0.14153
0.146501
0.141204
0.140283
0.140074
0.14057
0.149453
0.140859
0.14675
0.14082
0.141178
0.141651
0.14015
0.140776
0.141643
0.147381
0.140277
0.140261
0.141891
0.140539
0.140864
0.141255
0.177132
0.166279
0.160821
0.169477
0.176455
0.145345
0.148365
0.140432
0.141695
0.141183
0.171244
0.14118
0.140968
0.145777
0.141359
0.140671
0.140916
0.14123
0.140378
0.140412
0.145707
0.140934
